
nb.elf:     file format elf32-littlearm
nb.elf
architecture: arm, flags 0x00000112:
EXEC_P, HAS_SYMS, D_PAGED
start address 0x0800010d

Program Header:
    LOAD off    0x00008000 vaddr 0x08000000 paddr 0x08000000 align 2**15
         filesz 0x00000a18 memsz 0x00000a18 flags rwx
    LOAD off    0x00010000 vaddr 0x20000000 paddr 0x20000000 align 2**15
         filesz 0x00000000 memsz 0x0000011c flags rw-
private flags = 5000002: [Version5 EABI] [has entry point]

Sections:
Idx Name          Size      VMA       LMA       File off  Algn  Flags
  0 .isr_vector   000001e8  08000000  08000000  00008000  2**2  CONTENTS, ALLOC, LOAD, READONLY, CODE
  1 ._inits       00000004  080001e8  080001e8  000081e8  2**2  CONTENTS, ALLOC, LOAD, DATA
  2 .text         0000082c  080001ec  080001ec  000081ec  2**2  CONTENTS, ALLOC, LOAD, READONLY, CODE
  3 .bss          0000001c  20000000  20000000  00010000  2**2  ALLOC
  4 ._check_stack 00000100  2000001c  2000001c  00010000  2**0  ALLOC
  5 .comment      00000070  00000000  00000000  00008a18  2**0  CONTENTS, READONLY
  6 .ARM.attributes 00000033  00000000  00000000  00008a88  2**0  CONTENTS, READONLY
  7 .debug_aranges 00000378  00000000  00000000  00008abb  2**0  CONTENTS, READONLY, DEBUGGING
  8 .debug_info   0000249b  00000000  00000000  00008e33  2**0  CONTENTS, READONLY, DEBUGGING
  9 .debug_abbrev 00000b2b  00000000  00000000  0000b2ce  2**0  CONTENTS, READONLY, DEBUGGING
 10 .debug_line   00002733  00000000  00000000  0000bdf9  2**0  CONTENTS, READONLY, DEBUGGING
 11 .debug_frame  000009a8  00000000  00000000  0000e52c  2**2  CONTENTS, READONLY, DEBUGGING
 12 .debug_str    0004eab1  00000000  00000000  0000eed4  2**0  CONTENTS, READONLY, DEBUGGING
 13 .debug_ranges 000002e8  00000000  00000000  0005d985  2**0  CONTENTS, READONLY, DEBUGGING
 14 .debug_macro  0000d3fa  00000000  00000000  0005dc6d  2**0  CONTENTS, READONLY, DEBUGGING
SYMBOL TABLE:
08000000 l    d  .isr_vector	00000000 .isr_vector
080001e8 l    d  ._inits	00000000 ._inits
080001ec l    d  .text	00000000 .text
20000000 l    d  .bss	00000000 .bss
2000001c l    d  ._check_stack	00000000 ._check_stack
00000000 l    d  .comment	00000000 .comment
00000000 l    d  .ARM.attributes	00000000 .ARM.attributes
00000000 l    d  .debug_aranges	00000000 .debug_aranges
00000000 l    d  .debug_info	00000000 .debug_info
00000000 l    d  .debug_abbrev	00000000 .debug_abbrev
00000000 l    d  .debug_line	00000000 .debug_line
00000000 l    d  .debug_frame	00000000 .debug_frame
00000000 l    d  .debug_str	00000000 .debug_str
00000000 l    d  .debug_ranges	00000000 .debug_ranges
00000000 l    d  .debug_macro	00000000 .debug_macro
00000000 l    df *ABS*	00000000 vectors_stm32f10x.c
00000000 l    df *ABS*	00000000 startup_cm.c
00000000 l    df *ABS*	00000000 main.c
20000000 l     O .bss	00000001 prev_encoder_pos.6413
20000002 l     O .bss	00000002 current_encoder_pos.6411
08000a08 l     O .text	00000010 states.6410
20000004 l     O .bss	00000001 count.6409
20000006 l     O .bss	00000002 enc_count.6412
00000000 l    df *ABS*	00000000 misc.c
00000000 l    df *ABS*	00000000 stm32f10x_exti.c
00000000 l    df *ABS*	00000000 stm32f10x_gpio.c
00000000 l    df *ABS*	00000000 stm32f10x_rcc.c
00000000 l    df *ABS*	00000000 startup_stm32f10x.c
00000000 l    df *ABS*	00000000 system_stm32f10x.c
080008fc l     F .text	0000000a SetSysClock
08000908 l     F .text	00000100 SetSysClockTo72
00000000 l    df *ABS*	00000000 
20004c00 l       *ABS*	00000000 _Heap_Limit
00000400 l       *ABS*	00000000 _Main_Stack_Size
08000a18 l       .text	00000000 __exidx_end
2000001c l       ._check_stack	00000000 _Heap_Begin
08000a18 l       .bss	00000000 _etext
20004c00 l       *ABS*	00000000 __Main_Stack_Limit
080001ec l       ._inits	00000000 __fini_array_end
08000a18 l       .text	00000000 __exidx_start
00000400 l       *ABS*	00000000 __Main_Stack_Size
00000100 l       *ABS*	00000000 _Minimum_Stack_Size
2000001c l       ._check_stack	00000000 _end_noinit
080001ec l       ._inits	00000000 __fini_array_start
080001ec l       ._inits	00000000 __init_array_end
080001ec l       ._inits	00000000 __preinit_array_end
20005000 l       *ABS*	00000000 __stack
080001ec l       ._inits	00000000 __init_array_start
080001e8 l       ._inits	00000000 __preinit_array_start
08000198  w    F .isr_vector	00000006 RTC_Alarm_IRQHandler
08000198  w    F .isr_vector	00000006 EXTI2_IRQHandler
08000198  w    F .isr_vector	00000006 TIM8_TRG_COM_IRQHandler
08000198  w    F .isr_vector	00000006 TIM8_CC_IRQHandler
080001d0  w    F .isr_vector	00000006 DebugMon_Handler
080001e8 g     O ._inits	00000004 p_system_init
20000000 g       .text	00000000 __data_start__
08000198  w    F .isr_vector	00000006 TIM1_CC_IRQHandler
080001a8  w    F .isr_vector	00000006 HardFault_Handler
08000198  w    F .isr_vector	00000006 TIM6_IRQHandler
080001e0  w    F .isr_vector	00000006 SysTick_Handler
0800038c g     F .text	000000c0 NVIC_Init
08000198  w    F .isr_vector	00000006 PVD_IRQHandler
08000198  w    F .isr_vector	00000006 SDIO_IRQHandler
08000a18 g       .bss	00000000 _sidata
080001d8  w    F .isr_vector	00000006 PendSV_Handler
080001a0  w    F .isr_vector	00000006 NMI_Handler
08000150 g     F .isr_vector	00000048 system_init
08000198  w    F .isr_vector	00000006 CAN2_RX1_IRQHandler
08000198  w    F .isr_vector	00000006 EXTI3_IRQHandler
08000198  w    F .isr_vector	00000006 TIM8_TRG_COM_TIM14_IRQHandler
08000198  w    F .isr_vector	00000006 TIM1_UP_TIM10_IRQHandler
20000000 g       .bss	00000000 _sbss
08000198  w    F .isr_vector	00000006 TIM8_UP_TIM13_IRQHandler
08000198  w    F .isr_vector	00000006 EXTI0_IRQHandler
08000198  w    F .isr_vector	00000006 I2C2_EV_IRQHandler
2000001c g       ._check_stack	00000000 _noinit
08000198  w    F .isr_vector	00000006 CAN1_RX0_IRQHandler
08000198  w    F .isr_vector	00000006 TIM1_UP_TIM16_IRQHandler
080001c0  w    F .isr_vector	00000006 UsageFault_Handler
080007a4 g     F .text	0000003c RCC_APB2PeriphClockCmd
08000198  w    F .isr_vector	00000006 CAN2_SCE_IRQHandler
08000198  w    F .isr_vector	00000006 ADC1_2_IRQHandler
08000544 g     F .text	00000176 GPIO_Init
20000000 g       .bss	00000000 __bss_start__
20000000 g       .text	00000000 _sdata
08000198  w    F .isr_vector	00000006 SPI1_IRQHandler
08000198  w    F .isr_vector	00000006 TAMPER_IRQHandler
08000198  w    F .isr_vector	00000006 TIM6_DAC_IRQHandler
08000198  w    F .isr_vector	00000006 TIM1_BRK_TIM9_IRQHandler
08000198  w    F .isr_vector	00000006 CAN2_RX0_IRQHandler
08000198  w    F .isr_vector	00000006 TIM8_UP_IRQHandler
080007e0 g     F .text	0000006c __libc_init_array
08000198  w    F .isr_vector	00000006 DMA2_Channel2_IRQHandler
08000198  w    F .isr_vector	00000006 DMA1_Channel4_IRQHandler
08000198  w    F .isr_vector	00000006 USART3_IRQHandler
08000528 g     F .text	0000001c EXTI_ClearITPendingBit
0800084c g     F .text	0000003c __libc_fini_array
08000198  w    F .isr_vector	00000006 RTC_IRQHandler
2000001c g       .bss	00000000 _ebss
08000198  w    F .isr_vector	00000006 DMA1_Channel7_IRQHandler
0800010c  w    F .isr_vector	00000044 Reset_Handler
08000198  w    F .isr_vector	00000006 CAN1_RX1_IRQHandler
08000198  w    F .isr_vector	00000006 UART5_IRQHandler
08000198  w    F .isr_vector	00000006 ADC3_IRQHandler
080006f0 g     F .text	0000001c GPIO_SetBits
08000198  w    F .isr_vector	00000006 TIM4_IRQHandler
08000198  w    F .isr_vector	00000006 DMA2_Channel1_IRQHandler
08000198  w    F .isr_vector	00000006 I2C1_EV_IRQHandler
20000000 g       .text	00000000 __data_end__
08000198  w    F .isr_vector	00000006 DMA1_Channel6_IRQHandler
08000198  w    F .isr_vector	00000006 UART4_IRQHandler
08000198  w    F .isr_vector	00000006 DMA2_Channel4_IRQHandler
2000001c g       .bss	00000000 __bss_end__
08000198  w    F .isr_vector	00000006 TIM3_IRQHandler
08000198  w    F .isr_vector	00000006 RCC_IRQHandler
08000198  w    F .isr_vector	00000006 TIM8_BRK_TIM12_IRQHandler
08000198  w    F .isr_vector	00000006 TIM1_TRG_COM_IRQHandler
08000198  w    F .isr_vector	00000006 DMA1_Channel1_IRQHandler
08000198  w    F .isr_vector	00000006 Default_Handler
08000198  w    F .isr_vector	00000006 CEC_IRQHandler
08000198  w    F .isr_vector	00000006 EXTI15_10_IRQHandler
08000198  w    F .isr_vector	00000006 TIM14_IRQHandler
08000198  w    F .isr_vector	00000006 TIM13_IRQHandler
0800044c g     F .text	000000dc EXTI_Init
0800070c g     F .text	0000001c GPIO_ResetBits
08000198  w    F .isr_vector	00000006 TIM12_IRQHandler
08000198  w    F .isr_vector	00000006 TIM7_IRQHandler
08000198  w    F .isr_vector	00000006 CAN2_TX_IRQHandler
08000198  w    F .isr_vector	00000006 TIM5_IRQHandler
080001ec g     F .text	000000dc EXTI9_5_IRQHandler
08000728 g     F .text	0000007c GPIO_EXTILineConfig
08000198  w    F .isr_vector	00000006 ETH_WKUP_IRQHandler
08000198  w    F .isr_vector	00000006 SPI2_IRQHandler
080001b0  w    F .isr_vector	00000006 MemManage_Handler
080002c8 g     F .text	000000c4 main
08000198  w    F .isr_vector	00000006 CAN1_TX_IRQHandler
080001c8  w    F .isr_vector	00000006 SVC_Handler
08000198  w    F .isr_vector	00000006 DMA2_Channel5_IRQHandler
08000198  w    F .isr_vector	00000006 DMA1_Channel5_IRQHandler
08000198  w    F .isr_vector	00000006 EXTI4_IRQHandler
08000198  w    F .isr_vector	00000006 USB_LP_CAN1_RX0_IRQHandler
20000008 g     O .bss	00000004 GPIO_InitStructure
2000000c g     O .bss	00000004 nvic
08000894 g     F .text	00000068 SystemInit
20000010 g     O .bss	00000004 count
08000198  w    F .isr_vector	00000006 TIM1_TRG_COM_TIM17_IRQHandler
08000198  w    F .isr_vector	00000006 USB_HP_CAN1_TX_IRQHandler
08000198  w    F .isr_vector	00000006 DMA1_Channel3_IRQHandler
08000198  w    F .isr_vector	00000006 FSMC_IRQHandler
08000198  w    F .isr_vector	00000006 ETH_IRQHandler
08000198  w    F .isr_vector	00000006 TIM1_UP_IRQHandler
08000198  w    F .isr_vector	00000006 WWDG_IRQHandler
08000198  w    F .isr_vector	00000006 TIM2_IRQHandler
08000198  w    F .isr_vector	00000006 OTG_FS_WKUP_IRQHandler
08000198  w    F .isr_vector	00000006 TIM1_TRG_COM_TIM11_IRQHandler
08000198  w    F .isr_vector	00000006 TIM1_BRK_IRQHandler
20005000 g       *ABS*	00000000 _estack
08000198  w    F .isr_vector	00000006 EXTI1_IRQHandler
20000000 g       .text	00000000 _edata
08000198  w    F .isr_vector	00000006 DMA2_Channel4_5_IRQHandler
08000198  w    F .isr_vector	00000006 USART2_IRQHandler
08000000 g     O .isr_vector	0000010c g_pfnVectors
08000198  w    F .isr_vector	00000006 I2C2_ER_IRQHandler
08000198  w    F .isr_vector	00000006 DMA1_Channel2_IRQHandler
08000198  w    F .isr_vector	00000006 TIM8_BRK_IRQHandler
08000198  w    F .isr_vector	00000006 CAN1_SCE_IRQHandler
08000198  w    F .isr_vector	00000006 FLASH_IRQHandler
08000888  w    F .text	0000000a _exit
20000014 g     O .bss	00000008 EXTI_struct
080001b8  w    F .isr_vector	00000006 BusFault_Handler
08000198  w    F .isr_vector	00000006 USART1_IRQHandler
08000198  w    F .isr_vector	00000006 OTG_FS_IRQHandler
08000198  w    F .isr_vector	00000006 SPI3_IRQHandler
08000198  w    F .isr_vector	00000006 I2C1_ER_IRQHandler
080006bc g     F .text	00000034 GPIO_ReadInputDataBit
08000198  w    F .isr_vector	00000006 USBWakeUp_IRQHandler
08000198  w    F .isr_vector	00000006 DMA2_Channel3_IRQHandler
08000198  w    F .isr_vector	00000006 TIM1_BRK_TIM15_IRQHandler



Disassembly of section .isr_vector:

08000000 <g_pfnVectors>:
$d():
 8000000:	00 50 00 20 0d 01 00 08 a1 01 00 08 a9 01 00 08     .P. ............
 8000010:	b1 01 00 08 b9 01 00 08 c1 01 00 08 00 00 00 00     ................
	...
 800002c:	c9 01 00 08 d1 01 00 08 00 00 00 00 d9 01 00 08     ................
 800003c:	e1 01 00 08 99 01 00 08 99 01 00 08 99 01 00 08     ................
 800004c:	99 01 00 08 99 01 00 08 99 01 00 08 99 01 00 08     ................
 800005c:	99 01 00 08 99 01 00 08 99 01 00 08 99 01 00 08     ................
 800006c:	99 01 00 08 99 01 00 08 99 01 00 08 99 01 00 08     ................
 800007c:	99 01 00 08 99 01 00 08 99 01 00 08 99 01 00 08     ................
 800008c:	99 01 00 08 99 01 00 08 99 01 00 08 99 01 00 08     ................
 800009c:	ed 01 00 08 99 01 00 08 99 01 00 08 99 01 00 08     ................
 80000ac:	99 01 00 08 99 01 00 08 99 01 00 08 99 01 00 08     ................
 80000bc:	99 01 00 08 99 01 00 08 99 01 00 08 99 01 00 08     ................
 80000cc:	99 01 00 08 99 01 00 08 99 01 00 08 99 01 00 08     ................
 80000dc:	99 01 00 08 99 01 00 08 99 01 00 08 99 01 00 08     ................
	...
 8000108:	5f f8 08 f1                                         _...

0800010c <Reset_Handler>:
Reset_Handler():
/home/kartik/workspaceSTM32/nb/Debug/../libs/CMSIS/src/startup_cm.c:217
}

// This is the place where Cortex-M core will go immediately after reset.
void __attribute__ ((section(".after_vectors")))
Reset_Handler(void)
{
 800010c:	b580      	push	{r7, lr}
 800010e:	b084      	sub	sp, #16
 8000110:	af00      	add	r7, sp, #0
 8000112:	4b0d      	ldr	r3, [pc, #52]	; (8000148 <Reset_Handler+0x3c>)
 8000114:	60bb      	str	r3, [r7, #8]
 8000116:	4b0d      	ldr	r3, [pc, #52]	; (800014c <Reset_Handler+0x40>)
 8000118:	607b      	str	r3, [r7, #4]
bss_init():
/home/kartik/workspaceSTM32/nb/Debug/../libs/CMSIS/src/startup_cm.c:118
__attribute__((always_inline))
bss_init(unsigned int* section_begin, unsigned int* section_end)
{
  // Iterate and clear word by word.
  // It is assumed that the pointers are word aligned.
  unsigned int *p = section_begin;
 800011a:	68bb      	ldr	r3, [r7, #8]
 800011c:	603b      	str	r3, [r7, #0]
 800011e:	e004      	b.n	800012a <Reset_Handler+0x1e>
/home/kartik/workspaceSTM32/nb/Debug/../libs/CMSIS/src/startup_cm.c:120
  while (p < section_end)
    *p++ = 0;
 8000120:	683b      	ldr	r3, [r7, #0]
 8000122:	1d1a      	adds	r2, r3, #4
 8000124:	603a      	str	r2, [r7, #0]
 8000126:	2200      	movs	r2, #0
 8000128:	601a      	str	r2, [r3, #0]
/home/kartik/workspaceSTM32/nb/Debug/../libs/CMSIS/src/startup_cm.c:119
bss_init(unsigned int* section_begin, unsigned int* section_end)
{
  // Iterate and clear word by word.
  // It is assumed that the pointers are word aligned.
  unsigned int *p = section_begin;
  while (p < section_end)
 800012a:	687a      	ldr	r2, [r7, #4]
 800012c:	683b      	ldr	r3, [r7, #0]
 800012e:	429a      	cmp	r2, r3
 8000130:	d8f6      	bhi.n	8000120 <Reset_Handler+0x14>
Reset_Handler():
/home/kartik/workspaceSTM32/nb/Debug/../libs/CMSIS/src/startup_cm.c:227
  // Zero fill the bss segment
  bss_init(&__bss_start__, &__bss_end__);

  // Call the standard library initialisation (mandatory, SystemInit()
  // and C++ static constructors are called from here).
  __libc_init_array();
 8000132:	f000 fb55 	bl	80007e0 <__libc_init_array>
/home/kartik/workspaceSTM32/nb/Debug/../libs/CMSIS/src/startup_cm.c:230

  // Call the main entry point, and save the exit code.
  int r = main();
 8000136:	f000 f8c7 	bl	80002c8 <main>
 800013a:	60f8      	str	r0, [r7, #12]
/home/kartik/workspaceSTM32/nb/Debug/../libs/CMSIS/src/startup_cm.c:233

  // Run the static destructors.
  __libc_fini_array();
 800013c:	f000 fb86 	bl	800084c <__libc_fini_array>
/home/kartik/workspaceSTM32/nb/Debug/../libs/CMSIS/src/startup_cm.c:238

  // On test platforms, like semihosting, this can be used to inform
  // the host on the test result.
  // On embedded platforms, usually reset the processor.
  _exit(r);
 8000140:	68f8      	ldr	r0, [r7, #12]
 8000142:	f000 fba1 	bl	8000888 <_exit>
 8000146:	bf00      	nop
 8000148:	20000000 	.word	0x20000000
 800014c:	2000001c 	.word	0x2000001c

08000150 <system_init>:
system_init():
/home/kartik/workspaceSTM32/nb/Debug/../libs/CMSIS/src/startup_cm.c:248

// System initialisation, executed before constructors.
void
__attribute__((section(".after_vectors")))
system_init()
{
 8000150:	b580      	push	{r7, lr}
 8000152:	b084      	sub	sp, #16
 8000154:	af00      	add	r7, sp, #0
 8000156:	4b0d      	ldr	r3, [pc, #52]	; (800018c <system_init+0x3c>)
 8000158:	60fb      	str	r3, [r7, #12]
 800015a:	4b0d      	ldr	r3, [pc, #52]	; (8000190 <system_init+0x40>)
 800015c:	60bb      	str	r3, [r7, #8]
 800015e:	4b0d      	ldr	r3, [pc, #52]	; (8000194 <system_init+0x44>)
 8000160:	607b      	str	r3, [r7, #4]
data_init():
/home/kartik/workspaceSTM32/nb/Debug/../libs/CMSIS/src/startup_cm.c:105
data_init(unsigned int* from, unsigned int* section_begin,
    unsigned int* section_end)
{
  // Iterate and copy word by word.
  // It is assumed that the pointers are word aligned.
  unsigned int *p = section_begin;
 8000162:	68bb      	ldr	r3, [r7, #8]
 8000164:	603b      	str	r3, [r7, #0]
 8000166:	e007      	b.n	8000178 <system_init+0x28>
/home/kartik/workspaceSTM32/nb/Debug/../libs/CMSIS/src/startup_cm.c:107
  while (p < section_end)
    *p++ = *from++;
 8000168:	683b      	ldr	r3, [r7, #0]
 800016a:	1d1a      	adds	r2, r3, #4
 800016c:	603a      	str	r2, [r7, #0]
 800016e:	68fa      	ldr	r2, [r7, #12]
 8000170:	1d11      	adds	r1, r2, #4
 8000172:	60f9      	str	r1, [r7, #12]
 8000174:	6812      	ldr	r2, [r2, #0]
 8000176:	601a      	str	r2, [r3, #0]
/home/kartik/workspaceSTM32/nb/Debug/../libs/CMSIS/src/startup_cm.c:106
    unsigned int* section_end)
{
  // Iterate and copy word by word.
  // It is assumed that the pointers are word aligned.
  unsigned int *p = section_begin;
  while (p < section_end)
 8000178:	687a      	ldr	r2, [r7, #4]
 800017a:	683b      	ldr	r3, [r7, #0]
 800017c:	429a      	cmp	r2, r3
 800017e:	d8f3      	bhi.n	8000168 <system_init+0x18>
system_init():
/home/kartik/workspaceSTM32/nb/Debug/../libs/CMSIS/src/startup_cm.c:256
  // so we must be sure it is executed somewhere.
  // (for example librdimon)
  data_init(&_sidata, &_sdata, &_edata);

  // Call the CSMSIS system initialisation routine
  SystemInit();
 8000180:	f000 fb88 	bl	8000894 <SystemInit>
/home/kartik/workspaceSTM32/nb/Debug/../libs/CMSIS/src/startup_cm.c:257
}
 8000184:	3710      	adds	r7, #16
 8000186:	46bd      	mov	sp, r7
 8000188:	bd80      	pop	{r7, pc}
 800018a:	bf00      	nop
 800018c:	08000a18 	.word	0x08000a18
 8000190:	20000000 	.word	0x20000000
 8000194:	20000000 	.word	0x20000000

08000198 <ADC1_2_IRQHandler>:
Default_Handler():
/home/kartik/workspaceSTM32/nb/Debug/../libs/CMSIS/src/vectors_stm32f10x.c:934
//
//*****************************************************************************

void __attribute__ ((section(".after_vectors")))
Default_Handler(void)
{
 8000198:	b480      	push	{r7}
 800019a:	af00      	add	r7, sp, #0
/home/kartik/workspaceSTM32/nb/Debug/../libs/CMSIS/src/vectors_stm32f10x.c:937 (discriminator 1)
  while (1)
    {
    }
 800019c:	e7fe      	b.n	800019c <ADC1_2_IRQHandler+0x4>
RTC_Alarm_IRQHandler():
 800019e:	bf00      	nop

080001a0 <NMI_Handler>:
NMI_Handler():
/home/kartik/workspaceSTM32/nb/Debug/../libs/CMSIS/src/vectors_stm32f10x.c:946
// Default exception handlers. Override the ones here by defining your own
// handler routines in your application code.
//*****************************************************************************
void __attribute__ ((section(".after_vectors")))
NMI_Handler(void)
{
 80001a0:	b480      	push	{r7}
 80001a2:	af00      	add	r7, sp, #0
/home/kartik/workspaceSTM32/nb/Debug/../libs/CMSIS/src/vectors_stm32f10x.c:949 (discriminator 1)
  while (1)
    {
    }
 80001a4:	e7fe      	b.n	80001a4 <NMI_Handler+0x4>
 80001a6:	bf00      	nop

080001a8 <HardFault_Handler>:
HardFault_Handler():
/home/kartik/workspaceSTM32/nb/Debug/../libs/CMSIS/src/vectors_stm32f10x.c:954
}

void __attribute__ ((section(".after_vectors")))
HardFault_Handler(void)
{
 80001a8:	b480      	push	{r7}
 80001aa:	af00      	add	r7, sp, #0
/home/kartik/workspaceSTM32/nb/Debug/../libs/CMSIS/src/vectors_stm32f10x.c:957 (discriminator 1)
  while (1)
    {
    }
 80001ac:	e7fe      	b.n	80001ac <HardFault_Handler+0x4>
 80001ae:	bf00      	nop

080001b0 <MemManage_Handler>:
MemManage_Handler():
/home/kartik/workspaceSTM32/nb/Debug/../libs/CMSIS/src/vectors_stm32f10x.c:962
}

void __attribute__ ((section(".after_vectors")))
MemManage_Handler(void)
{
 80001b0:	b480      	push	{r7}
 80001b2:	af00      	add	r7, sp, #0
/home/kartik/workspaceSTM32/nb/Debug/../libs/CMSIS/src/vectors_stm32f10x.c:965 (discriminator 1)
  while (1)
    {
    }
 80001b4:	e7fe      	b.n	80001b4 <MemManage_Handler+0x4>
 80001b6:	bf00      	nop

080001b8 <BusFault_Handler>:
BusFault_Handler():
/home/kartik/workspaceSTM32/nb/Debug/../libs/CMSIS/src/vectors_stm32f10x.c:970
}

void __attribute__ ((section(".after_vectors")))
BusFault_Handler(void)
{
 80001b8:	b480      	push	{r7}
 80001ba:	af00      	add	r7, sp, #0
/home/kartik/workspaceSTM32/nb/Debug/../libs/CMSIS/src/vectors_stm32f10x.c:973 (discriminator 1)
  while (1)
    {
    }
 80001bc:	e7fe      	b.n	80001bc <BusFault_Handler+0x4>
 80001be:	bf00      	nop

080001c0 <UsageFault_Handler>:
UsageFault_Handler():
/home/kartik/workspaceSTM32/nb/Debug/../libs/CMSIS/src/vectors_stm32f10x.c:978
}

void __attribute__ ((section(".after_vectors")))
UsageFault_Handler(void)
{
 80001c0:	b480      	push	{r7}
 80001c2:	af00      	add	r7, sp, #0
/home/kartik/workspaceSTM32/nb/Debug/../libs/CMSIS/src/vectors_stm32f10x.c:981 (discriminator 1)
  while (1)
    {
    }
 80001c4:	e7fe      	b.n	80001c4 <UsageFault_Handler+0x4>
 80001c6:	bf00      	nop

080001c8 <SVC_Handler>:
SVC_Handler():
/home/kartik/workspaceSTM32/nb/Debug/../libs/CMSIS/src/vectors_stm32f10x.c:986
}

void __attribute__ ((section(".after_vectors")))
SVC_Handler(void)
{
 80001c8:	b480      	push	{r7}
 80001ca:	af00      	add	r7, sp, #0
/home/kartik/workspaceSTM32/nb/Debug/../libs/CMSIS/src/vectors_stm32f10x.c:989 (discriminator 1)
  while (1)
    {
    }
 80001cc:	e7fe      	b.n	80001cc <SVC_Handler+0x4>
 80001ce:	bf00      	nop

080001d0 <DebugMon_Handler>:
DebugMon_Handler():
/home/kartik/workspaceSTM32/nb/Debug/../libs/CMSIS/src/vectors_stm32f10x.c:994
}

void __attribute__ ((section(".after_vectors")))
DebugMon_Handler(void)
{
 80001d0:	b480      	push	{r7}
 80001d2:	af00      	add	r7, sp, #0
/home/kartik/workspaceSTM32/nb/Debug/../libs/CMSIS/src/vectors_stm32f10x.c:997 (discriminator 1)
  while (1)
    {
    }
 80001d4:	e7fe      	b.n	80001d4 <DebugMon_Handler+0x4>
 80001d6:	bf00      	nop

080001d8 <PendSV_Handler>:
PendSV_Handler():
/home/kartik/workspaceSTM32/nb/Debug/../libs/CMSIS/src/vectors_stm32f10x.c:1002
}

void __attribute__ ((section(".after_vectors")))
PendSV_Handler(void)
{
 80001d8:	b480      	push	{r7}
 80001da:	af00      	add	r7, sp, #0
/home/kartik/workspaceSTM32/nb/Debug/../libs/CMSIS/src/vectors_stm32f10x.c:1005 (discriminator 1)
  while (1)
    {
    }
 80001dc:	e7fe      	b.n	80001dc <PendSV_Handler+0x4>
 80001de:	bf00      	nop

080001e0 <SysTick_Handler>:
SysTick_Handler():
/home/kartik/workspaceSTM32/nb/Debug/../libs/CMSIS/src/vectors_stm32f10x.c:1010
}

void __attribute__ ((section(".after_vectors")))
SysTick_Handler(void)
{
 80001e0:	b480      	push	{r7}
 80001e2:	af00      	add	r7, sp, #0
/home/kartik/workspaceSTM32/nb/Debug/../libs/CMSIS/src/vectors_stm32f10x.c:1013 (discriminator 1)
  while (1)
    {
    }
 80001e4:	e7fe      	b.n	80001e4 <SysTick_Handler+0x4>
 80001e6:	bf00      	nop

Disassembly of section .text:

080001ec <EXTI9_5_IRQHandler>:
EXTI9_5_IRQHandler():
/home/kartik/workspaceSTM32/nb/Debug/../src/main.c:30



void EXTI9_5_IRQHandler(void)

{ 	static int8_t   count;
 80001ec:	b590      	push	{r4, r7, lr}
 80001ee:	b083      	sub	sp, #12
 80001f0:	af00      	add	r7, sp, #0
/home/kartik/workspaceSTM32/nb/Debug/../src/main.c:35
	static const    int8_t states[] = {0,-1,1,0,1,0,0,-1,-1,0,0,1,0,1,-1,0} ;
	static uint16_t  current_encoder_pos,enc_count;
	static uint8_t  prev_encoder_pos=0;
	//first reading the current encoder values and storing in the form of AB.
	prev_encoder_pos<<=2;
 80001f2:	4b2e      	ldr	r3, [pc, #184]	; (80002ac <__fini_array_end+0xc0>)
 80001f4:	781b      	ldrb	r3, [r3, #0]
 80001f6:	009b      	lsls	r3, r3, #2
 80001f8:	b2da      	uxtb	r2, r3
 80001fa:	4b2c      	ldr	r3, [pc, #176]	; (80002ac <__fini_array_end+0xc0>)
 80001fc:	701a      	strb	r2, [r3, #0]
/home/kartik/workspaceSTM32/nb/Debug/../src/main.c:36
	current_encoder_pos=GPIO_ReadInputDataBit(GPIOA, GPIO_Pin_6)<<1| GPIO_ReadInputDataBit(GPIOA,GPIO_Pin_5);
 80001fe:	482c      	ldr	r0, [pc, #176]	; (80002b0 <__fini_array_end+0xc4>)
 8000200:	2140      	movs	r1, #64	; 0x40
 8000202:	f000 fa5b 	bl	80006bc <GPIO_ReadInputDataBit>
 8000206:	4603      	mov	r3, r0
 8000208:	005b      	lsls	r3, r3, #1
 800020a:	b29c      	uxth	r4, r3
 800020c:	4828      	ldr	r0, [pc, #160]	; (80002b0 <__fini_array_end+0xc4>)
 800020e:	2120      	movs	r1, #32
 8000210:	f000 fa54 	bl	80006bc <GPIO_ReadInputDataBit>
 8000214:	4603      	mov	r3, r0
 8000216:	4622      	mov	r2, r4
 8000218:	4313      	orrs	r3, r2
 800021a:	b29b      	uxth	r3, r3
 800021c:	b29a      	uxth	r2, r3
 800021e:	4b25      	ldr	r3, [pc, #148]	; (80002b4 <__fini_array_end+0xc8>)
 8000220:	801a      	strh	r2, [r3, #0]
/home/kartik/workspaceSTM32/nb/Debug/../src/main.c:38
	//adding the previous state also and appending it to the prev_encoder_pos;
	prev_encoder_pos|=(current_encoder_pos & 0x03);
 8000222:	4b24      	ldr	r3, [pc, #144]	; (80002b4 <__fini_array_end+0xc8>)
 8000224:	881b      	ldrh	r3, [r3, #0]
 8000226:	b2db      	uxtb	r3, r3
 8000228:	f003 0303 	and.w	r3, r3, #3
 800022c:	b2da      	uxtb	r2, r3
 800022e:	4b1f      	ldr	r3, [pc, #124]	; (80002ac <__fini_array_end+0xc0>)
 8000230:	781b      	ldrb	r3, [r3, #0]
 8000232:	b2db      	uxtb	r3, r3
 8000234:	4313      	orrs	r3, r2
 8000236:	b2db      	uxtb	r3, r3
 8000238:	b2da      	uxtb	r2, r3
 800023a:	4b1c      	ldr	r3, [pc, #112]	; (80002ac <__fini_array_end+0xc0>)
 800023c:	701a      	strb	r2, [r3, #0]
/home/kartik/workspaceSTM32/nb/Debug/../src/main.c:40
	//now anding with 0xff and it will give one of the states given in the statetable;
	count= states[(prev_encoder_pos & 0x0f)];
 800023e:	4b1b      	ldr	r3, [pc, #108]	; (80002ac <__fini_array_end+0xc0>)
 8000240:	781b      	ldrb	r3, [r3, #0]
 8000242:	f003 030f 	and.w	r3, r3, #15
 8000246:	4a1c      	ldr	r2, [pc, #112]	; (80002b8 <__fini_array_end+0xcc>)
 8000248:	5cd2      	ldrb	r2, [r2, r3]
 800024a:	4b1c      	ldr	r3, [pc, #112]	; (80002bc <__fini_array_end+0xd0>)
 800024c:	701a      	strb	r2, [r3, #0]
/home/kartik/workspaceSTM32/nb/Debug/../src/main.c:41
	if (count==1)
 800024e:	4b1b      	ldr	r3, [pc, #108]	; (80002bc <__fini_array_end+0xd0>)
 8000250:	781b      	ldrb	r3, [r3, #0]
 8000252:	b25b      	sxtb	r3, r3
 8000254:	2b01      	cmp	r3, #1
 8000256:	d105      	bne.n	8000264 <EXTI9_5_IRQHandler+0x78>
/home/kartik/workspaceSTM32/nb/Debug/../src/main.c:43
	{
		enc_count++;
 8000258:	4b19      	ldr	r3, [pc, #100]	; (80002c0 <__fini_array_end+0xd4>)
 800025a:	881b      	ldrh	r3, [r3, #0]
 800025c:	3301      	adds	r3, #1
 800025e:	b29a      	uxth	r2, r3
 8000260:	4b17      	ldr	r3, [pc, #92]	; (80002c0 <__fini_array_end+0xd4>)
 8000262:	801a      	strh	r2, [r3, #0]
/home/kartik/workspaceSTM32/nb/Debug/../src/main.c:46
	}

	if (enc_count==1200)
 8000264:	4b16      	ldr	r3, [pc, #88]	; (80002c0 <__fini_array_end+0xd4>)
 8000266:	881b      	ldrh	r3, [r3, #0]
 8000268:	f5b3 6f96 	cmp.w	r3, #1200	; 0x4b0
 800026c:	d114      	bne.n	8000298 <EXTI9_5_IRQHandler+0xac>
/home/kartik/workspaceSTM32/nb/Debug/../src/main.c:49
	{
		GPIO_InitTypeDef GPIO_InitStructure;
		RCC_APB2PeriphClockCmd(RCC_APB2Periph_GPIOC,ENABLE);
 800026e:	2010      	movs	r0, #16
 8000270:	2101      	movs	r1, #1
 8000272:	f000 fa97 	bl	80007a4 <RCC_APB2PeriphClockCmd>
/home/kartik/workspaceSTM32/nb/Debug/../src/main.c:50
		GPIO_InitStructure.GPIO_Pin=GPIO_Pin_13;
 8000276:	f44f 5300 	mov.w	r3, #8192	; 0x2000
 800027a:	80bb      	strh	r3, [r7, #4]
/home/kartik/workspaceSTM32/nb/Debug/../src/main.c:51
		GPIO_InitStructure.GPIO_Mode=GPIO_Mode_Out_PP;
 800027c:	2310      	movs	r3, #16
 800027e:	71fb      	strb	r3, [r7, #7]
/home/kartik/workspaceSTM32/nb/Debug/../src/main.c:52
		GPIO_InitStructure.GPIO_Speed=GPIO_Speed_2MHz;
 8000280:	2302      	movs	r3, #2
 8000282:	71bb      	strb	r3, [r7, #6]
/home/kartik/workspaceSTM32/nb/Debug/../src/main.c:53
		GPIO_Init(GPIOC,&GPIO_InitStructure);
 8000284:	1d3b      	adds	r3, r7, #4
 8000286:	480f      	ldr	r0, [pc, #60]	; (80002c4 <__fini_array_end+0xd8>)
 8000288:	4619      	mov	r1, r3
 800028a:	f000 f95b 	bl	8000544 <GPIO_Init>
/home/kartik/workspaceSTM32/nb/Debug/../src/main.c:55
		//setting the pin high for the led
		GPIO_ResetBits(GPIOC,GPIO_Pin_13);
 800028e:	480d      	ldr	r0, [pc, #52]	; (80002c4 <__fini_array_end+0xd8>)
 8000290:	f44f 5100 	mov.w	r1, #8192	; 0x2000
 8000294:	f000 fa3a 	bl	800070c <GPIO_ResetBits>
/home/kartik/workspaceSTM32/nb/Debug/../src/main.c:57
	}
	EXTI_ClearITPendingBit(EXTI_Line5);  //Clear Channel B
 8000298:	2020      	movs	r0, #32
 800029a:	f000 f945 	bl	8000528 <EXTI_ClearITPendingBit>
/home/kartik/workspaceSTM32/nb/Debug/../src/main.c:58
	EXTI_ClearITPendingBit(EXTI_Line6);  //Clear Channel A
 800029e:	2040      	movs	r0, #64	; 0x40
 80002a0:	f000 f942 	bl	8000528 <EXTI_ClearITPendingBit>
/home/kartik/workspaceSTM32/nb/Debug/../src/main.c:59
}
 80002a4:	370c      	adds	r7, #12
 80002a6:	46bd      	mov	sp, r7
 80002a8:	bd90      	pop	{r4, r7, pc}
 80002aa:	bf00      	nop
 80002ac:	20000000 	.word	0x20000000
 80002b0:	40010800 	.word	0x40010800
 80002b4:	20000002 	.word	0x20000002
 80002b8:	08000a08 	.word	0x08000a08
 80002bc:	20000004 	.word	0x20000004
 80002c0:	20000006 	.word	0x20000006
 80002c4:	40011000 	.word	0x40011000

080002c8 <main>:
main():
/home/kartik/workspaceSTM32/nb/Debug/../src/main.c:63


int main()
{
 80002c8:	b580      	push	{r7, lr}
 80002ca:	af00      	add	r7, sp, #0
/home/kartik/workspaceSTM32/nb/Debug/../src/main.c:66 (discriminator 1)
	while(1)
	{
	RCC_APB2PeriphClockCmd(RCC_APB2Periph_GPIOB,ENABLE);
 80002cc:	2008      	movs	r0, #8
 80002ce:	2101      	movs	r1, #1
 80002d0:	f000 fa68 	bl	80007a4 <RCC_APB2PeriphClockCmd>
/home/kartik/workspaceSTM32/nb/Debug/../src/main.c:68 (discriminator 1)
//setting enable A, inputs 1 & 2 configurations
GPIO_InitStructure.GPIO_Pin=(GPIO_Pin_3 | GPIO_Pin_4| GPIO_Pin_5);
 80002d4:	4b28      	ldr	r3, [pc, #160]	; (8000378 <main+0xb0>)
 80002d6:	2238      	movs	r2, #56	; 0x38
 80002d8:	801a      	strh	r2, [r3, #0]
/home/kartik/workspaceSTM32/nb/Debug/../src/main.c:69 (discriminator 1)
GPIO_InitStructure.GPIO_Mode=GPIO_Mode_Out_PP;
 80002da:	4b27      	ldr	r3, [pc, #156]	; (8000378 <main+0xb0>)
 80002dc:	2210      	movs	r2, #16
 80002de:	70da      	strb	r2, [r3, #3]
/home/kartik/workspaceSTM32/nb/Debug/../src/main.c:70 (discriminator 1)
GPIO_InitStructure.GPIO_Speed=GPIO_Speed_2MHz;
 80002e0:	4b25      	ldr	r3, [pc, #148]	; (8000378 <main+0xb0>)
 80002e2:	2202      	movs	r2, #2
 80002e4:	709a      	strb	r2, [r3, #2]
/home/kartik/workspaceSTM32/nb/Debug/../src/main.c:71 (discriminator 1)
GPIO_Init(GPIOB,&GPIO_InitStructure);
 80002e6:	4825      	ldr	r0, [pc, #148]	; (800037c <main+0xb4>)
 80002e8:	4923      	ldr	r1, [pc, #140]	; (8000378 <main+0xb0>)
 80002ea:	f000 f92b 	bl	8000544 <GPIO_Init>
/home/kartik/workspaceSTM32/nb/Debug/../src/main.c:72 (discriminator 1)
GPIO_ResetBits(GPIOB,(GPIO_Pin_3 | GPIO_Pin_5));
 80002ee:	4823      	ldr	r0, [pc, #140]	; (800037c <main+0xb4>)
 80002f0:	2128      	movs	r1, #40	; 0x28
 80002f2:	f000 fa0b 	bl	800070c <GPIO_ResetBits>
/home/kartik/workspaceSTM32/nb/Debug/../src/main.c:73 (discriminator 1)
GPIO_SetBits(GPIOB,GPIO_Pin_4);
 80002f6:	4821      	ldr	r0, [pc, #132]	; (800037c <main+0xb4>)
 80002f8:	2110      	movs	r1, #16
 80002fa:	f000 f9f9 	bl	80006f0 <GPIO_SetBits>
/home/kartik/workspaceSTM32/nb/Debug/../src/main.c:76 (discriminator 1)

//connecting it to the line8 for EXTI8
RCC_APB2PeriphClockCmd(RCC_APB2Periph_AFIO,ENABLE);
 80002fe:	2001      	movs	r0, #1
 8000300:	2101      	movs	r1, #1
 8000302:	f000 fa4f 	bl	80007a4 <RCC_APB2PeriphClockCmd>
/home/kartik/workspaceSTM32/nb/Debug/../src/main.c:78 (discriminator 1)
//capsulating all the values in the gpio struct
RCC_APB2PeriphClockCmd(RCC_APB2Periph_GPIOA,ENABLE);
 8000306:	2004      	movs	r0, #4
 8000308:	2101      	movs	r1, #1
 800030a:	f000 fa4b 	bl	80007a4 <RCC_APB2PeriphClockCmd>
/home/kartik/workspaceSTM32/nb/Debug/../src/main.c:80 (discriminator 1)

GPIO_InitStructure.GPIO_Pin=GPIO_Pin_6 | GPIO_Pin_5;
 800030e:	4b1a      	ldr	r3, [pc, #104]	; (8000378 <main+0xb0>)
 8000310:	2260      	movs	r2, #96	; 0x60
 8000312:	801a      	strh	r2, [r3, #0]
/home/kartik/workspaceSTM32/nb/Debug/../src/main.c:82 (discriminator 1)
//the pin PA8 has to be externally pulled low or high.
GPIO_InitStructure.GPIO_Mode=GPIO_Mode_IPU;
 8000314:	4b18      	ldr	r3, [pc, #96]	; (8000378 <main+0xb0>)
 8000316:	2248      	movs	r2, #72	; 0x48
 8000318:	70da      	strb	r2, [r3, #3]
/home/kartik/workspaceSTM32/nb/Debug/../src/main.c:84 (discriminator 1)
//setting the speed on the input.
GPIO_InitStructure.GPIO_Speed=GPIO_Speed_2MHz;
 800031a:	4b17      	ldr	r3, [pc, #92]	; (8000378 <main+0xb0>)
 800031c:	2202      	movs	r2, #2
 800031e:	709a      	strb	r2, [r3, #2]
/home/kartik/workspaceSTM32/nb/Debug/../src/main.c:85 (discriminator 1)
GPIO_Init(GPIOA,&GPIO_InitStructure);
 8000320:	4817      	ldr	r0, [pc, #92]	; (8000380 <main+0xb8>)
 8000322:	4915      	ldr	r1, [pc, #84]	; (8000378 <main+0xb0>)
 8000324:	f000 f90e 	bl	8000544 <GPIO_Init>
/home/kartik/workspaceSTM32/nb/Debug/../src/main.c:88 (discriminator 1)


GPIO_EXTILineConfig(GPIO_PortSourceGPIOA, GPIO_PinSource6);
 8000328:	2000      	movs	r0, #0
 800032a:	2106      	movs	r1, #6
 800032c:	f000 f9fc 	bl	8000728 <GPIO_EXTILineConfig>
/home/kartik/workspaceSTM32/nb/Debug/../src/main.c:89 (discriminator 1)
GPIO_EXTILineConfig(GPIO_PortSourceGPIOA, GPIO_PinSource5);
 8000330:	2000      	movs	r0, #0
 8000332:	2105      	movs	r1, #5
 8000334:	f000 f9f8 	bl	8000728 <GPIO_EXTILineConfig>
/home/kartik/workspaceSTM32/nb/Debug/../src/main.c:93 (discriminator 1)

//First updating the external interrupt lines.
//The lines enable the interrupt in all the GPIOx.8 pins.
EXTI_struct.EXTI_Line=EXTI_Line6|EXTI_Line5;
 8000338:	4b12      	ldr	r3, [pc, #72]	; (8000384 <main+0xbc>)
 800033a:	2260      	movs	r2, #96	; 0x60
 800033c:	601a      	str	r2, [r3, #0]
/home/kartik/workspaceSTM32/nb/Debug/../src/main.c:95 (discriminator 1)
//Mode are of two types- event and interrupt.
EXTI_struct.EXTI_Mode=EXTI_Mode_Interrupt;
 800033e:	4b11      	ldr	r3, [pc, #68]	; (8000384 <main+0xbc>)
 8000340:	2200      	movs	r2, #0
 8000342:	711a      	strb	r2, [r3, #4]
/home/kartik/workspaceSTM32/nb/Debug/../src/main.c:97 (discriminator 1)
//capturing the rising edge from the encoder ticks
EXTI_struct.EXTI_Trigger=EXTI_Trigger_Rising;
 8000344:	4b0f      	ldr	r3, [pc, #60]	; (8000384 <main+0xbc>)
 8000346:	2208      	movs	r2, #8
 8000348:	715a      	strb	r2, [r3, #5]
/home/kartik/workspaceSTM32/nb/Debug/../src/main.c:99 (discriminator 1)
//specifing the states of pins.
EXTI_struct.EXTI_LineCmd=ENABLE;
 800034a:	4b0e      	ldr	r3, [pc, #56]	; (8000384 <main+0xbc>)
 800034c:	2201      	movs	r2, #1
 800034e:	719a      	strb	r2, [r3, #6]
/home/kartik/workspaceSTM32/nb/Debug/../src/main.c:101 (discriminator 1)
//firing the struct
EXTI_Init(&EXTI_struct);
 8000350:	480c      	ldr	r0, [pc, #48]	; (8000384 <main+0xbc>)
 8000352:	f000 f87b 	bl	800044c <EXTI_Init>
/home/kartik/workspaceSTM32/nb/Debug/../src/main.c:109 (discriminator 1)

//Fusing both EXTI line 8 and pin PA8.

//Setting up the vector handler functions
//capsulating all the values for the interrupt controller.
nvic.NVIC_IRQChannel=EXTI9_5_IRQn;
 8000356:	4b0c      	ldr	r3, [pc, #48]	; (8000388 <main+0xc0>)
 8000358:	2217      	movs	r2, #23
 800035a:	701a      	strb	r2, [r3, #0]
/home/kartik/workspaceSTM32/nb/Debug/../src/main.c:110 (discriminator 1)
nvic.NVIC_IRQChannelPreemptionPriority=0x00;
 800035c:	4b0a      	ldr	r3, [pc, #40]	; (8000388 <main+0xc0>)
 800035e:	2200      	movs	r2, #0
 8000360:	705a      	strb	r2, [r3, #1]
/home/kartik/workspaceSTM32/nb/Debug/../src/main.c:111 (discriminator 1)
nvic.NVIC_IRQChannelSubPriority=0x00;
 8000362:	4b09      	ldr	r3, [pc, #36]	; (8000388 <main+0xc0>)
 8000364:	2200      	movs	r2, #0
 8000366:	709a      	strb	r2, [r3, #2]
/home/kartik/workspaceSTM32/nb/Debug/../src/main.c:112 (discriminator 1)
nvic.NVIC_IRQChannelCmd=ENABLE;
 8000368:	4b07      	ldr	r3, [pc, #28]	; (8000388 <main+0xc0>)
 800036a:	2201      	movs	r2, #1
 800036c:	70da      	strb	r2, [r3, #3]
/home/kartik/workspaceSTM32/nb/Debug/../src/main.c:113 (discriminator 1)
NVIC_Init(&nvic);
 800036e:	4806      	ldr	r0, [pc, #24]	; (8000388 <main+0xc0>)
 8000370:	f000 f80c 	bl	800038c <NVIC_Init>
/home/kartik/workspaceSTM32/nb/Debug/../src/main.c:114 (discriminator 1)
	}
 8000374:	e7aa      	b.n	80002cc <main+0x4>
 8000376:	bf00      	nop
 8000378:	20000008 	.word	0x20000008
 800037c:	40010c00 	.word	0x40010c00
 8000380:	40010800 	.word	0x40010800
 8000384:	20000014 	.word	0x20000014
 8000388:	2000000c 	.word	0x2000000c

0800038c <NVIC_Init>:
NVIC_Init():
/home/kartik/workspaceSTM32/nb/Debug/../libs/StdPeriph/src/misc.c:113
  * @param  NVIC_InitStruct: pointer to a NVIC_InitTypeDef structure that contains
  *         the configuration information for the specified NVIC peripheral.
  * @retval None
  */
void NVIC_Init(NVIC_InitTypeDef* NVIC_InitStruct)
{
 800038c:	b480      	push	{r7}
 800038e:	b087      	sub	sp, #28
 8000390:	af00      	add	r7, sp, #0
 8000392:	6078      	str	r0, [r7, #4]
/home/kartik/workspaceSTM32/nb/Debug/../libs/StdPeriph/src/misc.c:114
  uint32_t tmppriority = 0x00, tmppre = 0x00, tmpsub = 0x0F;
 8000394:	2300      	movs	r3, #0
 8000396:	617b      	str	r3, [r7, #20]
 8000398:	2300      	movs	r3, #0
 800039a:	613b      	str	r3, [r7, #16]
 800039c:	230f      	movs	r3, #15
 800039e:	60fb      	str	r3, [r7, #12]
/home/kartik/workspaceSTM32/nb/Debug/../libs/StdPeriph/src/misc.c:121
  /* Check the parameters */
  assert_param(IS_FUNCTIONAL_STATE(NVIC_InitStruct->NVIC_IRQChannelCmd));
  assert_param(IS_NVIC_PREEMPTION_PRIORITY(NVIC_InitStruct->NVIC_IRQChannelPreemptionPriority));  
  assert_param(IS_NVIC_SUB_PRIORITY(NVIC_InitStruct->NVIC_IRQChannelSubPriority));
    
  if (NVIC_InitStruct->NVIC_IRQChannelCmd != DISABLE)
 80003a0:	687b      	ldr	r3, [r7, #4]
 80003a2:	78db      	ldrb	r3, [r3, #3]
 80003a4:	2b00      	cmp	r3, #0
 80003a6:	d038      	beq.n	800041a <NVIC_Init+0x8e>
/home/kartik/workspaceSTM32/nb/Debug/../libs/StdPeriph/src/misc.c:124
  {
    /* Compute the Corresponding IRQ Priority --------------------------------*/    
    tmppriority = (0x700 - ((SCB->AIRCR) & (uint32_t)0x700))>> 0x08;
 80003a8:	4b26      	ldr	r3, [pc, #152]	; (8000444 <NVIC_Init+0xb8>)
 80003aa:	68db      	ldr	r3, [r3, #12]
 80003ac:	43db      	mvns	r3, r3
 80003ae:	f403 63e0 	and.w	r3, r3, #1792	; 0x700
 80003b2:	0a1b      	lsrs	r3, r3, #8
 80003b4:	617b      	str	r3, [r7, #20]
/home/kartik/workspaceSTM32/nb/Debug/../libs/StdPeriph/src/misc.c:125
    tmppre = (0x4 - tmppriority);
 80003b6:	697b      	ldr	r3, [r7, #20]
 80003b8:	f1c3 0304 	rsb	r3, r3, #4
 80003bc:	613b      	str	r3, [r7, #16]
/home/kartik/workspaceSTM32/nb/Debug/../libs/StdPeriph/src/misc.c:126
    tmpsub = tmpsub >> tmppriority;
 80003be:	697b      	ldr	r3, [r7, #20]
 80003c0:	68fa      	ldr	r2, [r7, #12]
 80003c2:	fa22 f303 	lsr.w	r3, r2, r3
 80003c6:	60fb      	str	r3, [r7, #12]
/home/kartik/workspaceSTM32/nb/Debug/../libs/StdPeriph/src/misc.c:128

    tmppriority = (uint32_t)NVIC_InitStruct->NVIC_IRQChannelPreemptionPriority << tmppre;
 80003c8:	687b      	ldr	r3, [r7, #4]
 80003ca:	785b      	ldrb	r3, [r3, #1]
 80003cc:	461a      	mov	r2, r3
 80003ce:	693b      	ldr	r3, [r7, #16]
 80003d0:	fa02 f303 	lsl.w	r3, r2, r3
 80003d4:	617b      	str	r3, [r7, #20]
/home/kartik/workspaceSTM32/nb/Debug/../libs/StdPeriph/src/misc.c:129
    tmppriority |=  NVIC_InitStruct->NVIC_IRQChannelSubPriority & tmpsub;
 80003d6:	687b      	ldr	r3, [r7, #4]
 80003d8:	789b      	ldrb	r3, [r3, #2]
 80003da:	461a      	mov	r2, r3
 80003dc:	68fb      	ldr	r3, [r7, #12]
 80003de:	4013      	ands	r3, r2
 80003e0:	697a      	ldr	r2, [r7, #20]
 80003e2:	4313      	orrs	r3, r2
 80003e4:	617b      	str	r3, [r7, #20]
/home/kartik/workspaceSTM32/nb/Debug/../libs/StdPeriph/src/misc.c:130
    tmppriority = tmppriority << 0x04;
 80003e6:	697b      	ldr	r3, [r7, #20]
 80003e8:	011b      	lsls	r3, r3, #4
 80003ea:	617b      	str	r3, [r7, #20]
/home/kartik/workspaceSTM32/nb/Debug/../libs/StdPeriph/src/misc.c:132
        
    NVIC->IP[NVIC_InitStruct->NVIC_IRQChannel] = tmppriority;
 80003ec:	4916      	ldr	r1, [pc, #88]	; (8000448 <NVIC_Init+0xbc>)
 80003ee:	687b      	ldr	r3, [r7, #4]
 80003f0:	781b      	ldrb	r3, [r3, #0]
 80003f2:	697a      	ldr	r2, [r7, #20]
 80003f4:	b2d2      	uxtb	r2, r2
 80003f6:	440b      	add	r3, r1
 80003f8:	f883 2300 	strb.w	r2, [r3, #768]	; 0x300
/home/kartik/workspaceSTM32/nb/Debug/../libs/StdPeriph/src/misc.c:135
    
    /* Enable the Selected IRQ Channels --------------------------------------*/
    NVIC->ISER[NVIC_InitStruct->NVIC_IRQChannel >> 0x05] =
 80003fc:	4b12      	ldr	r3, [pc, #72]	; (8000448 <NVIC_Init+0xbc>)
 80003fe:	687a      	ldr	r2, [r7, #4]
 8000400:	7812      	ldrb	r2, [r2, #0]
 8000402:	0952      	lsrs	r2, r2, #5
 8000404:	b2d2      	uxtb	r2, r2
/home/kartik/workspaceSTM32/nb/Debug/../libs/StdPeriph/src/misc.c:136
      (uint32_t)0x01 << (NVIC_InitStruct->NVIC_IRQChannel & (uint8_t)0x1F);
 8000406:	6879      	ldr	r1, [r7, #4]
 8000408:	7809      	ldrb	r1, [r1, #0]
 800040a:	f001 011f 	and.w	r1, r1, #31
 800040e:	2001      	movs	r0, #1
 8000410:	fa00 f101 	lsl.w	r1, r0, r1
/home/kartik/workspaceSTM32/nb/Debug/../libs/StdPeriph/src/misc.c:135
    tmppriority = tmppriority << 0x04;
        
    NVIC->IP[NVIC_InitStruct->NVIC_IRQChannel] = tmppriority;
    
    /* Enable the Selected IRQ Channels --------------------------------------*/
    NVIC->ISER[NVIC_InitStruct->NVIC_IRQChannel >> 0x05] =
 8000414:	f843 1022 	str.w	r1, [r3, r2, lsl #2]
 8000418:	e00e      	b.n	8000438 <NVIC_Init+0xac>
/home/kartik/workspaceSTM32/nb/Debug/../libs/StdPeriph/src/misc.c:141
      (uint32_t)0x01 << (NVIC_InitStruct->NVIC_IRQChannel & (uint8_t)0x1F);
  }
  else
  {
    /* Disable the Selected IRQ Channels -------------------------------------*/
    NVIC->ICER[NVIC_InitStruct->NVIC_IRQChannel >> 0x05] =
 800041a:	4b0b      	ldr	r3, [pc, #44]	; (8000448 <NVIC_Init+0xbc>)
 800041c:	687a      	ldr	r2, [r7, #4]
 800041e:	7812      	ldrb	r2, [r2, #0]
 8000420:	0952      	lsrs	r2, r2, #5
 8000422:	b2d2      	uxtb	r2, r2
/home/kartik/workspaceSTM32/nb/Debug/../libs/StdPeriph/src/misc.c:142
      (uint32_t)0x01 << (NVIC_InitStruct->NVIC_IRQChannel & (uint8_t)0x1F);
 8000424:	6879      	ldr	r1, [r7, #4]
 8000426:	7809      	ldrb	r1, [r1, #0]
 8000428:	f001 011f 	and.w	r1, r1, #31
 800042c:	2001      	movs	r0, #1
 800042e:	fa00 f101 	lsl.w	r1, r0, r1
/home/kartik/workspaceSTM32/nb/Debug/../libs/StdPeriph/src/misc.c:141
      (uint32_t)0x01 << (NVIC_InitStruct->NVIC_IRQChannel & (uint8_t)0x1F);
  }
  else
  {
    /* Disable the Selected IRQ Channels -------------------------------------*/
    NVIC->ICER[NVIC_InitStruct->NVIC_IRQChannel >> 0x05] =
 8000432:	3220      	adds	r2, #32
 8000434:	f843 1022 	str.w	r1, [r3, r2, lsl #2]
/home/kartik/workspaceSTM32/nb/Debug/../libs/StdPeriph/src/misc.c:144
      (uint32_t)0x01 << (NVIC_InitStruct->NVIC_IRQChannel & (uint8_t)0x1F);
  }
}
 8000438:	371c      	adds	r7, #28
 800043a:	46bd      	mov	sp, r7
 800043c:	f85d 7b04 	ldr.w	r7, [sp], #4
 8000440:	4770      	bx	lr
 8000442:	bf00      	nop
 8000444:	e000ed00 	.word	0xe000ed00
 8000448:	e000e100 	.word	0xe000e100

0800044c <EXTI_Init>:
EXTI_Init():
/home/kartik/workspaceSTM32/nb/Debug/../libs/StdPeriph/src/stm32f10x_exti.c:102
  * @param  EXTI_InitStruct: pointer to a EXTI_InitTypeDef structure
  *         that contains the configuration information for the EXTI peripheral.
  * @retval None
  */
void EXTI_Init(EXTI_InitTypeDef* EXTI_InitStruct)
{
 800044c:	b480      	push	{r7}
 800044e:	b085      	sub	sp, #20
 8000450:	af00      	add	r7, sp, #0
 8000452:	6078      	str	r0, [r7, #4]
/home/kartik/workspaceSTM32/nb/Debug/../libs/StdPeriph/src/stm32f10x_exti.c:103
  uint32_t tmp = 0;
 8000454:	2300      	movs	r3, #0
 8000456:	60fb      	str	r3, [r7, #12]
/home/kartik/workspaceSTM32/nb/Debug/../libs/StdPeriph/src/stm32f10x_exti.c:111
  assert_param(IS_EXTI_MODE(EXTI_InitStruct->EXTI_Mode));
  assert_param(IS_EXTI_TRIGGER(EXTI_InitStruct->EXTI_Trigger));
  assert_param(IS_EXTI_LINE(EXTI_InitStruct->EXTI_Line));  
  assert_param(IS_FUNCTIONAL_STATE(EXTI_InitStruct->EXTI_LineCmd));

  tmp = (uint32_t)EXTI_BASE;
 8000458:	4b32      	ldr	r3, [pc, #200]	; (8000524 <EXTI_Init+0xd8>)
 800045a:	60fb      	str	r3, [r7, #12]
/home/kartik/workspaceSTM32/nb/Debug/../libs/StdPeriph/src/stm32f10x_exti.c:113
     
  if (EXTI_InitStruct->EXTI_LineCmd != DISABLE)
 800045c:	687b      	ldr	r3, [r7, #4]
 800045e:	799b      	ldrb	r3, [r3, #6]
 8000460:	2b00      	cmp	r3, #0
 8000462:	d04d      	beq.n	8000500 <EXTI_Init+0xb4>
/home/kartik/workspaceSTM32/nb/Debug/../libs/StdPeriph/src/stm32f10x_exti.c:116
  {
    /* Clear EXTI line configuration */
    EXTI->IMR &= ~EXTI_InitStruct->EXTI_Line;
 8000464:	4b2f      	ldr	r3, [pc, #188]	; (8000524 <EXTI_Init+0xd8>)
 8000466:	4a2f      	ldr	r2, [pc, #188]	; (8000524 <EXTI_Init+0xd8>)
 8000468:	6811      	ldr	r1, [r2, #0]
 800046a:	687a      	ldr	r2, [r7, #4]
 800046c:	6812      	ldr	r2, [r2, #0]
 800046e:	43d2      	mvns	r2, r2
 8000470:	400a      	ands	r2, r1
 8000472:	601a      	str	r2, [r3, #0]
/home/kartik/workspaceSTM32/nb/Debug/../libs/StdPeriph/src/stm32f10x_exti.c:117
    EXTI->EMR &= ~EXTI_InitStruct->EXTI_Line;
 8000474:	4b2b      	ldr	r3, [pc, #172]	; (8000524 <EXTI_Init+0xd8>)
 8000476:	4a2b      	ldr	r2, [pc, #172]	; (8000524 <EXTI_Init+0xd8>)
 8000478:	6851      	ldr	r1, [r2, #4]
 800047a:	687a      	ldr	r2, [r7, #4]
 800047c:	6812      	ldr	r2, [r2, #0]
 800047e:	43d2      	mvns	r2, r2
 8000480:	400a      	ands	r2, r1
 8000482:	605a      	str	r2, [r3, #4]
/home/kartik/workspaceSTM32/nb/Debug/../libs/StdPeriph/src/stm32f10x_exti.c:119
    
    tmp += EXTI_InitStruct->EXTI_Mode;
 8000484:	687b      	ldr	r3, [r7, #4]
 8000486:	791b      	ldrb	r3, [r3, #4]
 8000488:	68fa      	ldr	r2, [r7, #12]
 800048a:	4413      	add	r3, r2
 800048c:	60fb      	str	r3, [r7, #12]
/home/kartik/workspaceSTM32/nb/Debug/../libs/StdPeriph/src/stm32f10x_exti.c:121

    *(__IO uint32_t *) tmp |= EXTI_InitStruct->EXTI_Line;
 800048e:	68fb      	ldr	r3, [r7, #12]
 8000490:	68fa      	ldr	r2, [r7, #12]
 8000492:	6811      	ldr	r1, [r2, #0]
 8000494:	687a      	ldr	r2, [r7, #4]
 8000496:	6812      	ldr	r2, [r2, #0]
 8000498:	430a      	orrs	r2, r1
 800049a:	601a      	str	r2, [r3, #0]
/home/kartik/workspaceSTM32/nb/Debug/../libs/StdPeriph/src/stm32f10x_exti.c:124

    /* Clear Rising Falling edge configuration */
    EXTI->RTSR &= ~EXTI_InitStruct->EXTI_Line;
 800049c:	4b21      	ldr	r3, [pc, #132]	; (8000524 <EXTI_Init+0xd8>)
 800049e:	4a21      	ldr	r2, [pc, #132]	; (8000524 <EXTI_Init+0xd8>)
 80004a0:	6891      	ldr	r1, [r2, #8]
 80004a2:	687a      	ldr	r2, [r7, #4]
 80004a4:	6812      	ldr	r2, [r2, #0]
 80004a6:	43d2      	mvns	r2, r2
 80004a8:	400a      	ands	r2, r1
 80004aa:	609a      	str	r2, [r3, #8]
/home/kartik/workspaceSTM32/nb/Debug/../libs/StdPeriph/src/stm32f10x_exti.c:125
    EXTI->FTSR &= ~EXTI_InitStruct->EXTI_Line;
 80004ac:	4b1d      	ldr	r3, [pc, #116]	; (8000524 <EXTI_Init+0xd8>)
 80004ae:	4a1d      	ldr	r2, [pc, #116]	; (8000524 <EXTI_Init+0xd8>)
 80004b0:	68d1      	ldr	r1, [r2, #12]
 80004b2:	687a      	ldr	r2, [r7, #4]
 80004b4:	6812      	ldr	r2, [r2, #0]
 80004b6:	43d2      	mvns	r2, r2
 80004b8:	400a      	ands	r2, r1
 80004ba:	60da      	str	r2, [r3, #12]
/home/kartik/workspaceSTM32/nb/Debug/../libs/StdPeriph/src/stm32f10x_exti.c:128
    
    /* Select the trigger for the selected external interrupts */
    if (EXTI_InitStruct->EXTI_Trigger == EXTI_Trigger_Rising_Falling)
 80004bc:	687b      	ldr	r3, [r7, #4]
 80004be:	795b      	ldrb	r3, [r3, #5]
 80004c0:	2b10      	cmp	r3, #16
 80004c2:	d10e      	bne.n	80004e2 <EXTI_Init+0x96>
/home/kartik/workspaceSTM32/nb/Debug/../libs/StdPeriph/src/stm32f10x_exti.c:131
    {
      /* Rising Falling edge */
      EXTI->RTSR |= EXTI_InitStruct->EXTI_Line;
 80004c4:	4b17      	ldr	r3, [pc, #92]	; (8000524 <EXTI_Init+0xd8>)
 80004c6:	4a17      	ldr	r2, [pc, #92]	; (8000524 <EXTI_Init+0xd8>)
 80004c8:	6891      	ldr	r1, [r2, #8]
 80004ca:	687a      	ldr	r2, [r7, #4]
 80004cc:	6812      	ldr	r2, [r2, #0]
 80004ce:	430a      	orrs	r2, r1
 80004d0:	609a      	str	r2, [r3, #8]
/home/kartik/workspaceSTM32/nb/Debug/../libs/StdPeriph/src/stm32f10x_exti.c:132
      EXTI->FTSR |= EXTI_InitStruct->EXTI_Line;
 80004d2:	4b14      	ldr	r3, [pc, #80]	; (8000524 <EXTI_Init+0xd8>)
 80004d4:	4a13      	ldr	r2, [pc, #76]	; (8000524 <EXTI_Init+0xd8>)
 80004d6:	68d1      	ldr	r1, [r2, #12]
 80004d8:	687a      	ldr	r2, [r7, #4]
 80004da:	6812      	ldr	r2, [r2, #0]
 80004dc:	430a      	orrs	r2, r1
 80004de:	60da      	str	r2, [r3, #12]
 80004e0:	e01b      	b.n	800051a <EXTI_Init+0xce>
/home/kartik/workspaceSTM32/nb/Debug/../libs/StdPeriph/src/stm32f10x_exti.c:136
    }
    else
    {
      tmp = (uint32_t)EXTI_BASE;
 80004e2:	4b10      	ldr	r3, [pc, #64]	; (8000524 <EXTI_Init+0xd8>)
 80004e4:	60fb      	str	r3, [r7, #12]
/home/kartik/workspaceSTM32/nb/Debug/../libs/StdPeriph/src/stm32f10x_exti.c:137
      tmp += EXTI_InitStruct->EXTI_Trigger;
 80004e6:	687b      	ldr	r3, [r7, #4]
 80004e8:	795b      	ldrb	r3, [r3, #5]
 80004ea:	68fa      	ldr	r2, [r7, #12]
 80004ec:	4413      	add	r3, r2
 80004ee:	60fb      	str	r3, [r7, #12]
/home/kartik/workspaceSTM32/nb/Debug/../libs/StdPeriph/src/stm32f10x_exti.c:139

      *(__IO uint32_t *) tmp |= EXTI_InitStruct->EXTI_Line;
 80004f0:	68fb      	ldr	r3, [r7, #12]
 80004f2:	68fa      	ldr	r2, [r7, #12]
 80004f4:	6811      	ldr	r1, [r2, #0]
 80004f6:	687a      	ldr	r2, [r7, #4]
 80004f8:	6812      	ldr	r2, [r2, #0]
 80004fa:	430a      	orrs	r2, r1
 80004fc:	601a      	str	r2, [r3, #0]
 80004fe:	e00c      	b.n	800051a <EXTI_Init+0xce>
/home/kartik/workspaceSTM32/nb/Debug/../libs/StdPeriph/src/stm32f10x_exti.c:144
    }
  }
  else
  {
    tmp += EXTI_InitStruct->EXTI_Mode;
 8000500:	687b      	ldr	r3, [r7, #4]
 8000502:	791b      	ldrb	r3, [r3, #4]
 8000504:	68fa      	ldr	r2, [r7, #12]
 8000506:	4413      	add	r3, r2
 8000508:	60fb      	str	r3, [r7, #12]
/home/kartik/workspaceSTM32/nb/Debug/../libs/StdPeriph/src/stm32f10x_exti.c:147

    /* Disable the selected external lines */
    *(__IO uint32_t *) tmp &= ~EXTI_InitStruct->EXTI_Line;
 800050a:	68fb      	ldr	r3, [r7, #12]
 800050c:	68fa      	ldr	r2, [r7, #12]
 800050e:	6811      	ldr	r1, [r2, #0]
 8000510:	687a      	ldr	r2, [r7, #4]
 8000512:	6812      	ldr	r2, [r2, #0]
 8000514:	43d2      	mvns	r2, r2
 8000516:	400a      	ands	r2, r1
 8000518:	601a      	str	r2, [r3, #0]
/home/kartik/workspaceSTM32/nb/Debug/../libs/StdPeriph/src/stm32f10x_exti.c:149
  }
}
 800051a:	3714      	adds	r7, #20
 800051c:	46bd      	mov	sp, r7
 800051e:	f85d 7b04 	ldr.w	r7, [sp], #4
 8000522:	4770      	bx	lr
 8000524:	40010400 	.word	0x40010400

08000528 <EXTI_ClearITPendingBit>:
EXTI_ClearITPendingBit():
/home/kartik/workspaceSTM32/nb/Debug/../libs/StdPeriph/src/stm32f10x_exti.c:250
  * @param  EXTI_Line: specifies the EXTI lines to clear.
  *   This parameter can be any combination of EXTI_Linex where x can be (0..19).
  * @retval None
  */
void EXTI_ClearITPendingBit(uint32_t EXTI_Line)
{
 8000528:	b480      	push	{r7}
 800052a:	b083      	sub	sp, #12
 800052c:	af00      	add	r7, sp, #0
 800052e:	6078      	str	r0, [r7, #4]
/home/kartik/workspaceSTM32/nb/Debug/../libs/StdPeriph/src/stm32f10x_exti.c:254
  /* Check the parameters */
  assert_param(IS_EXTI_LINE(EXTI_Line));
  
  EXTI->PR = EXTI_Line;
 8000530:	4b03      	ldr	r3, [pc, #12]	; (8000540 <EXTI_ClearITPendingBit+0x18>)
 8000532:	687a      	ldr	r2, [r7, #4]
 8000534:	615a      	str	r2, [r3, #20]
/home/kartik/workspaceSTM32/nb/Debug/../libs/StdPeriph/src/stm32f10x_exti.c:255
}
 8000536:	370c      	adds	r7, #12
 8000538:	46bd      	mov	sp, r7
 800053a:	f85d 7b04 	ldr.w	r7, [sp], #4
 800053e:	4770      	bx	lr
 8000540:	40010400 	.word	0x40010400

08000544 <GPIO_Init>:
GPIO_Init():
/home/kartik/workspaceSTM32/nb/Debug/../libs/StdPeriph/src/stm32f10x_gpio.c:174
  * @param  GPIO_InitStruct: pointer to a GPIO_InitTypeDef structure that
  *         contains the configuration information for the specified GPIO peripheral.
  * @retval None
  */
void GPIO_Init(GPIO_TypeDef* GPIOx, GPIO_InitTypeDef* GPIO_InitStruct)
{
 8000544:	b480      	push	{r7}
 8000546:	b089      	sub	sp, #36	; 0x24
 8000548:	af00      	add	r7, sp, #0
 800054a:	6078      	str	r0, [r7, #4]
 800054c:	6039      	str	r1, [r7, #0]
/home/kartik/workspaceSTM32/nb/Debug/../libs/StdPeriph/src/stm32f10x_gpio.c:175
  uint32_t currentmode = 0x00, currentpin = 0x00, pinpos = 0x00, pos = 0x00;
 800054e:	2300      	movs	r3, #0
 8000550:	61fb      	str	r3, [r7, #28]
 8000552:	2300      	movs	r3, #0
 8000554:	613b      	str	r3, [r7, #16]
 8000556:	2300      	movs	r3, #0
 8000558:	61bb      	str	r3, [r7, #24]
 800055a:	2300      	movs	r3, #0
 800055c:	60fb      	str	r3, [r7, #12]
/home/kartik/workspaceSTM32/nb/Debug/../libs/StdPeriph/src/stm32f10x_gpio.c:176
  uint32_t tmpreg = 0x00, pinmask = 0x00;
 800055e:	2300      	movs	r3, #0
 8000560:	617b      	str	r3, [r7, #20]
 8000562:	2300      	movs	r3, #0
 8000564:	60bb      	str	r3, [r7, #8]
/home/kartik/workspaceSTM32/nb/Debug/../libs/StdPeriph/src/stm32f10x_gpio.c:183
  assert_param(IS_GPIO_ALL_PERIPH(GPIOx));
  assert_param(IS_GPIO_MODE(GPIO_InitStruct->GPIO_Mode));
  assert_param(IS_GPIO_PIN(GPIO_InitStruct->GPIO_Pin));  
  
/*---------------------------- GPIO Mode Configuration -----------------------*/
  currentmode = ((uint32_t)GPIO_InitStruct->GPIO_Mode) & ((uint32_t)0x0F);
 8000566:	683b      	ldr	r3, [r7, #0]
 8000568:	78db      	ldrb	r3, [r3, #3]
 800056a:	f003 030f 	and.w	r3, r3, #15
 800056e:	61fb      	str	r3, [r7, #28]
/home/kartik/workspaceSTM32/nb/Debug/../libs/StdPeriph/src/stm32f10x_gpio.c:184
  if ((((uint32_t)GPIO_InitStruct->GPIO_Mode) & ((uint32_t)0x10)) != 0x00)
 8000570:	683b      	ldr	r3, [r7, #0]
 8000572:	78db      	ldrb	r3, [r3, #3]
 8000574:	f003 0310 	and.w	r3, r3, #16
 8000578:	2b00      	cmp	r3, #0
 800057a:	d004      	beq.n	8000586 <GPIO_Init+0x42>
/home/kartik/workspaceSTM32/nb/Debug/../libs/StdPeriph/src/stm32f10x_gpio.c:189
  { 
    /* Check the parameters */
    assert_param(IS_GPIO_SPEED(GPIO_InitStruct->GPIO_Speed));
    /* Output mode */
    currentmode |= (uint32_t)GPIO_InitStruct->GPIO_Speed;
 800057c:	683b      	ldr	r3, [r7, #0]
 800057e:	789b      	ldrb	r3, [r3, #2]
 8000580:	69fa      	ldr	r2, [r7, #28]
 8000582:	4313      	orrs	r3, r2
 8000584:	61fb      	str	r3, [r7, #28]
/home/kartik/workspaceSTM32/nb/Debug/../libs/StdPeriph/src/stm32f10x_gpio.c:193
  }
/*---------------------------- GPIO CRL Configuration ------------------------*/
  /* Configure the eight low port pins */
  if (((uint32_t)GPIO_InitStruct->GPIO_Pin & ((uint32_t)0x00FF)) != 0x00)
 8000586:	683b      	ldr	r3, [r7, #0]
 8000588:	881b      	ldrh	r3, [r3, #0]
 800058a:	b2db      	uxtb	r3, r3
 800058c:	2b00      	cmp	r3, #0
 800058e:	d044      	beq.n	800061a <GPIO_Init+0xd6>
/home/kartik/workspaceSTM32/nb/Debug/../libs/StdPeriph/src/stm32f10x_gpio.c:195
  {
    tmpreg = GPIOx->CRL;
 8000590:	687b      	ldr	r3, [r7, #4]
 8000592:	681b      	ldr	r3, [r3, #0]
 8000594:	617b      	str	r3, [r7, #20]
/home/kartik/workspaceSTM32/nb/Debug/../libs/StdPeriph/src/stm32f10x_gpio.c:196
    for (pinpos = 0x00; pinpos < 0x08; pinpos++)
 8000596:	2300      	movs	r3, #0
 8000598:	61bb      	str	r3, [r7, #24]
 800059a:	e038      	b.n	800060e <GPIO_Init+0xca>
/home/kartik/workspaceSTM32/nb/Debug/../libs/StdPeriph/src/stm32f10x_gpio.c:198
    {
      pos = ((uint32_t)0x01) << pinpos;
 800059c:	69bb      	ldr	r3, [r7, #24]
 800059e:	2201      	movs	r2, #1
 80005a0:	fa02 f303 	lsl.w	r3, r2, r3
 80005a4:	60fb      	str	r3, [r7, #12]
/home/kartik/workspaceSTM32/nb/Debug/../libs/StdPeriph/src/stm32f10x_gpio.c:200
      /* Get the port pins position */
      currentpin = (GPIO_InitStruct->GPIO_Pin) & pos;
 80005a6:	683b      	ldr	r3, [r7, #0]
 80005a8:	881b      	ldrh	r3, [r3, #0]
 80005aa:	461a      	mov	r2, r3
 80005ac:	68fb      	ldr	r3, [r7, #12]
 80005ae:	4013      	ands	r3, r2
 80005b0:	613b      	str	r3, [r7, #16]
/home/kartik/workspaceSTM32/nb/Debug/../libs/StdPeriph/src/stm32f10x_gpio.c:201
      if (currentpin == pos)
 80005b2:	693a      	ldr	r2, [r7, #16]
 80005b4:	68fb      	ldr	r3, [r7, #12]
 80005b6:	429a      	cmp	r2, r3
 80005b8:	d126      	bne.n	8000608 <GPIO_Init+0xc4>
/home/kartik/workspaceSTM32/nb/Debug/../libs/StdPeriph/src/stm32f10x_gpio.c:203
      {
        pos = pinpos << 2;
 80005ba:	69bb      	ldr	r3, [r7, #24]
 80005bc:	009b      	lsls	r3, r3, #2
 80005be:	60fb      	str	r3, [r7, #12]
/home/kartik/workspaceSTM32/nb/Debug/../libs/StdPeriph/src/stm32f10x_gpio.c:205
        /* Clear the corresponding low control register bits */
        pinmask = ((uint32_t)0x0F) << pos;
 80005c0:	68fb      	ldr	r3, [r7, #12]
 80005c2:	220f      	movs	r2, #15
 80005c4:	fa02 f303 	lsl.w	r3, r2, r3
 80005c8:	60bb      	str	r3, [r7, #8]
/home/kartik/workspaceSTM32/nb/Debug/../libs/StdPeriph/src/stm32f10x_gpio.c:206
        tmpreg &= ~pinmask;
 80005ca:	68bb      	ldr	r3, [r7, #8]
 80005cc:	43db      	mvns	r3, r3
 80005ce:	697a      	ldr	r2, [r7, #20]
 80005d0:	4013      	ands	r3, r2
 80005d2:	617b      	str	r3, [r7, #20]
/home/kartik/workspaceSTM32/nb/Debug/../libs/StdPeriph/src/stm32f10x_gpio.c:208
        /* Write the mode configuration in the corresponding bits */
        tmpreg |= (currentmode << pos);
 80005d4:	68fb      	ldr	r3, [r7, #12]
 80005d6:	69fa      	ldr	r2, [r7, #28]
 80005d8:	fa02 f303 	lsl.w	r3, r2, r3
 80005dc:	697a      	ldr	r2, [r7, #20]
 80005de:	4313      	orrs	r3, r2
 80005e0:	617b      	str	r3, [r7, #20]
/home/kartik/workspaceSTM32/nb/Debug/../libs/StdPeriph/src/stm32f10x_gpio.c:210
        /* Reset the corresponding ODR bit */
        if (GPIO_InitStruct->GPIO_Mode == GPIO_Mode_IPD)
 80005e2:	683b      	ldr	r3, [r7, #0]
 80005e4:	78db      	ldrb	r3, [r3, #3]
 80005e6:	2b28      	cmp	r3, #40	; 0x28
 80005e8:	d105      	bne.n	80005f6 <GPIO_Init+0xb2>
/home/kartik/workspaceSTM32/nb/Debug/../libs/StdPeriph/src/stm32f10x_gpio.c:212
        {
          GPIOx->BRR = (((uint32_t)0x01) << pinpos);
 80005ea:	69bb      	ldr	r3, [r7, #24]
 80005ec:	2201      	movs	r2, #1
 80005ee:	409a      	lsls	r2, r3
 80005f0:	687b      	ldr	r3, [r7, #4]
 80005f2:	615a      	str	r2, [r3, #20]
 80005f4:	e008      	b.n	8000608 <GPIO_Init+0xc4>
/home/kartik/workspaceSTM32/nb/Debug/../libs/StdPeriph/src/stm32f10x_gpio.c:217
        }
        else
        {
          /* Set the corresponding ODR bit */
          if (GPIO_InitStruct->GPIO_Mode == GPIO_Mode_IPU)
 80005f6:	683b      	ldr	r3, [r7, #0]
 80005f8:	78db      	ldrb	r3, [r3, #3]
 80005fa:	2b48      	cmp	r3, #72	; 0x48
 80005fc:	d104      	bne.n	8000608 <GPIO_Init+0xc4>
/home/kartik/workspaceSTM32/nb/Debug/../libs/StdPeriph/src/stm32f10x_gpio.c:219
          {
            GPIOx->BSRR = (((uint32_t)0x01) << pinpos);
 80005fe:	69bb      	ldr	r3, [r7, #24]
 8000600:	2201      	movs	r2, #1
 8000602:	409a      	lsls	r2, r3
 8000604:	687b      	ldr	r3, [r7, #4]
 8000606:	611a      	str	r2, [r3, #16]
/home/kartik/workspaceSTM32/nb/Debug/../libs/StdPeriph/src/stm32f10x_gpio.c:196
/*---------------------------- GPIO CRL Configuration ------------------------*/
  /* Configure the eight low port pins */
  if (((uint32_t)GPIO_InitStruct->GPIO_Pin & ((uint32_t)0x00FF)) != 0x00)
  {
    tmpreg = GPIOx->CRL;
    for (pinpos = 0x00; pinpos < 0x08; pinpos++)
 8000608:	69bb      	ldr	r3, [r7, #24]
 800060a:	3301      	adds	r3, #1
 800060c:	61bb      	str	r3, [r7, #24]
/home/kartik/workspaceSTM32/nb/Debug/../libs/StdPeriph/src/stm32f10x_gpio.c:196 (discriminator 1)
 800060e:	69bb      	ldr	r3, [r7, #24]
 8000610:	2b07      	cmp	r3, #7
 8000612:	d9c3      	bls.n	800059c <GPIO_Init+0x58>
/home/kartik/workspaceSTM32/nb/Debug/../libs/StdPeriph/src/stm32f10x_gpio.c:224
            GPIOx->BSRR = (((uint32_t)0x01) << pinpos);
          }
        }
      }
    }
    GPIOx->CRL = tmpreg;
 8000614:	687b      	ldr	r3, [r7, #4]
 8000616:	697a      	ldr	r2, [r7, #20]
 8000618:	601a      	str	r2, [r3, #0]
/home/kartik/workspaceSTM32/nb/Debug/../libs/StdPeriph/src/stm32f10x_gpio.c:228
  }
/*---------------------------- GPIO CRH Configuration ------------------------*/
  /* Configure the eight high port pins */
  if (GPIO_InitStruct->GPIO_Pin > 0x00FF)
 800061a:	683b      	ldr	r3, [r7, #0]
 800061c:	881b      	ldrh	r3, [r3, #0]
 800061e:	2bff      	cmp	r3, #255	; 0xff
 8000620:	d946      	bls.n	80006b0 <GPIO_Init+0x16c>
/home/kartik/workspaceSTM32/nb/Debug/../libs/StdPeriph/src/stm32f10x_gpio.c:230
  {
    tmpreg = GPIOx->CRH;
 8000622:	687b      	ldr	r3, [r7, #4]
 8000624:	685b      	ldr	r3, [r3, #4]
 8000626:	617b      	str	r3, [r7, #20]
/home/kartik/workspaceSTM32/nb/Debug/../libs/StdPeriph/src/stm32f10x_gpio.c:231
    for (pinpos = 0x00; pinpos < 0x08; pinpos++)
 8000628:	2300      	movs	r3, #0
 800062a:	61bb      	str	r3, [r7, #24]
 800062c:	e03a      	b.n	80006a4 <GPIO_Init+0x160>
/home/kartik/workspaceSTM32/nb/Debug/../libs/StdPeriph/src/stm32f10x_gpio.c:233
    {
      pos = (((uint32_t)0x01) << (pinpos + 0x08));
 800062e:	69bb      	ldr	r3, [r7, #24]
 8000630:	3308      	adds	r3, #8
 8000632:	2201      	movs	r2, #1
 8000634:	fa02 f303 	lsl.w	r3, r2, r3
 8000638:	60fb      	str	r3, [r7, #12]
/home/kartik/workspaceSTM32/nb/Debug/../libs/StdPeriph/src/stm32f10x_gpio.c:235
      /* Get the port pins position */
      currentpin = ((GPIO_InitStruct->GPIO_Pin) & pos);
 800063a:	683b      	ldr	r3, [r7, #0]
 800063c:	881b      	ldrh	r3, [r3, #0]
 800063e:	461a      	mov	r2, r3
 8000640:	68fb      	ldr	r3, [r7, #12]
 8000642:	4013      	ands	r3, r2
 8000644:	613b      	str	r3, [r7, #16]
/home/kartik/workspaceSTM32/nb/Debug/../libs/StdPeriph/src/stm32f10x_gpio.c:236
      if (currentpin == pos)
 8000646:	693a      	ldr	r2, [r7, #16]
 8000648:	68fb      	ldr	r3, [r7, #12]
 800064a:	429a      	cmp	r2, r3
 800064c:	d127      	bne.n	800069e <GPIO_Init+0x15a>
/home/kartik/workspaceSTM32/nb/Debug/../libs/StdPeriph/src/stm32f10x_gpio.c:238
      {
        pos = pinpos << 2;
 800064e:	69bb      	ldr	r3, [r7, #24]
 8000650:	009b      	lsls	r3, r3, #2
 8000652:	60fb      	str	r3, [r7, #12]
/home/kartik/workspaceSTM32/nb/Debug/../libs/StdPeriph/src/stm32f10x_gpio.c:240
        /* Clear the corresponding high control register bits */
        pinmask = ((uint32_t)0x0F) << pos;
 8000654:	68fb      	ldr	r3, [r7, #12]
 8000656:	220f      	movs	r2, #15
 8000658:	fa02 f303 	lsl.w	r3, r2, r3
 800065c:	60bb      	str	r3, [r7, #8]
/home/kartik/workspaceSTM32/nb/Debug/../libs/StdPeriph/src/stm32f10x_gpio.c:241
        tmpreg &= ~pinmask;
 800065e:	68bb      	ldr	r3, [r7, #8]
 8000660:	43db      	mvns	r3, r3
 8000662:	697a      	ldr	r2, [r7, #20]
 8000664:	4013      	ands	r3, r2
 8000666:	617b      	str	r3, [r7, #20]
/home/kartik/workspaceSTM32/nb/Debug/../libs/StdPeriph/src/stm32f10x_gpio.c:243
        /* Write the mode configuration in the corresponding bits */
        tmpreg |= (currentmode << pos);
 8000668:	68fb      	ldr	r3, [r7, #12]
 800066a:	69fa      	ldr	r2, [r7, #28]
 800066c:	fa02 f303 	lsl.w	r3, r2, r3
 8000670:	697a      	ldr	r2, [r7, #20]
 8000672:	4313      	orrs	r3, r2
 8000674:	617b      	str	r3, [r7, #20]
/home/kartik/workspaceSTM32/nb/Debug/../libs/StdPeriph/src/stm32f10x_gpio.c:245
        /* Reset the corresponding ODR bit */
        if (GPIO_InitStruct->GPIO_Mode == GPIO_Mode_IPD)
 8000676:	683b      	ldr	r3, [r7, #0]
 8000678:	78db      	ldrb	r3, [r3, #3]
 800067a:	2b28      	cmp	r3, #40	; 0x28
 800067c:	d105      	bne.n	800068a <GPIO_Init+0x146>
/home/kartik/workspaceSTM32/nb/Debug/../libs/StdPeriph/src/stm32f10x_gpio.c:247
        {
          GPIOx->BRR = (((uint32_t)0x01) << (pinpos + 0x08));
 800067e:	69bb      	ldr	r3, [r7, #24]
 8000680:	3308      	adds	r3, #8
 8000682:	2201      	movs	r2, #1
 8000684:	409a      	lsls	r2, r3
 8000686:	687b      	ldr	r3, [r7, #4]
 8000688:	615a      	str	r2, [r3, #20]
/home/kartik/workspaceSTM32/nb/Debug/../libs/StdPeriph/src/stm32f10x_gpio.c:250
        }
        /* Set the corresponding ODR bit */
        if (GPIO_InitStruct->GPIO_Mode == GPIO_Mode_IPU)
 800068a:	683b      	ldr	r3, [r7, #0]
 800068c:	78db      	ldrb	r3, [r3, #3]
 800068e:	2b48      	cmp	r3, #72	; 0x48
 8000690:	d105      	bne.n	800069e <GPIO_Init+0x15a>
/home/kartik/workspaceSTM32/nb/Debug/../libs/StdPeriph/src/stm32f10x_gpio.c:252
        {
          GPIOx->BSRR = (((uint32_t)0x01) << (pinpos + 0x08));
 8000692:	69bb      	ldr	r3, [r7, #24]
 8000694:	3308      	adds	r3, #8
 8000696:	2201      	movs	r2, #1
 8000698:	409a      	lsls	r2, r3
 800069a:	687b      	ldr	r3, [r7, #4]
 800069c:	611a      	str	r2, [r3, #16]
/home/kartik/workspaceSTM32/nb/Debug/../libs/StdPeriph/src/stm32f10x_gpio.c:231
/*---------------------------- GPIO CRH Configuration ------------------------*/
  /* Configure the eight high port pins */
  if (GPIO_InitStruct->GPIO_Pin > 0x00FF)
  {
    tmpreg = GPIOx->CRH;
    for (pinpos = 0x00; pinpos < 0x08; pinpos++)
 800069e:	69bb      	ldr	r3, [r7, #24]
 80006a0:	3301      	adds	r3, #1
 80006a2:	61bb      	str	r3, [r7, #24]
/home/kartik/workspaceSTM32/nb/Debug/../libs/StdPeriph/src/stm32f10x_gpio.c:231 (discriminator 1)
 80006a4:	69bb      	ldr	r3, [r7, #24]
 80006a6:	2b07      	cmp	r3, #7
 80006a8:	d9c1      	bls.n	800062e <GPIO_Init+0xea>
/home/kartik/workspaceSTM32/nb/Debug/../libs/StdPeriph/src/stm32f10x_gpio.c:256
        {
          GPIOx->BSRR = (((uint32_t)0x01) << (pinpos + 0x08));
        }
      }
    }
    GPIOx->CRH = tmpreg;
 80006aa:	687b      	ldr	r3, [r7, #4]
 80006ac:	697a      	ldr	r2, [r7, #20]
 80006ae:	605a      	str	r2, [r3, #4]
/home/kartik/workspaceSTM32/nb/Debug/../libs/StdPeriph/src/stm32f10x_gpio.c:258
  }
}
 80006b0:	3724      	adds	r7, #36	; 0x24
 80006b2:	46bd      	mov	sp, r7
 80006b4:	f85d 7b04 	ldr.w	r7, [sp], #4
 80006b8:	4770      	bx	lr
 80006ba:	bf00      	nop

080006bc <GPIO_ReadInputDataBit>:
GPIO_ReadInputDataBit():
/home/kartik/workspaceSTM32/nb/Debug/../libs/StdPeriph/src/stm32f10x_gpio.c:282
  * @param  GPIO_Pin:  specifies the port bit to read.
  *   This parameter can be GPIO_Pin_x where x can be (0..15).
  * @retval The input port pin value.
  */
uint8_t GPIO_ReadInputDataBit(GPIO_TypeDef* GPIOx, uint16_t GPIO_Pin)
{
 80006bc:	b480      	push	{r7}
 80006be:	b085      	sub	sp, #20
 80006c0:	af00      	add	r7, sp, #0
 80006c2:	6078      	str	r0, [r7, #4]
 80006c4:	460b      	mov	r3, r1
 80006c6:	807b      	strh	r3, [r7, #2]
/home/kartik/workspaceSTM32/nb/Debug/../libs/StdPeriph/src/stm32f10x_gpio.c:283
  uint8_t bitstatus = 0x00;
 80006c8:	2300      	movs	r3, #0
 80006ca:	73fb      	strb	r3, [r7, #15]
/home/kartik/workspaceSTM32/nb/Debug/../libs/StdPeriph/src/stm32f10x_gpio.c:289
  
  /* Check the parameters */
  assert_param(IS_GPIO_ALL_PERIPH(GPIOx));
  assert_param(IS_GET_GPIO_PIN(GPIO_Pin)); 
  
  if ((GPIOx->IDR & GPIO_Pin) != (uint32_t)Bit_RESET)
 80006cc:	687b      	ldr	r3, [r7, #4]
 80006ce:	689a      	ldr	r2, [r3, #8]
 80006d0:	887b      	ldrh	r3, [r7, #2]
 80006d2:	4013      	ands	r3, r2
 80006d4:	2b00      	cmp	r3, #0
 80006d6:	d002      	beq.n	80006de <GPIO_ReadInputDataBit+0x22>
/home/kartik/workspaceSTM32/nb/Debug/../libs/StdPeriph/src/stm32f10x_gpio.c:291
  {
    bitstatus = (uint8_t)Bit_SET;
 80006d8:	2301      	movs	r3, #1
 80006da:	73fb      	strb	r3, [r7, #15]
 80006dc:	e001      	b.n	80006e2 <GPIO_ReadInputDataBit+0x26>
/home/kartik/workspaceSTM32/nb/Debug/../libs/StdPeriph/src/stm32f10x_gpio.c:295
  }
  else
  {
    bitstatus = (uint8_t)Bit_RESET;
 80006de:	2300      	movs	r3, #0
 80006e0:	73fb      	strb	r3, [r7, #15]
/home/kartik/workspaceSTM32/nb/Debug/../libs/StdPeriph/src/stm32f10x_gpio.c:297
  }
  return bitstatus;
 80006e2:	7bfb      	ldrb	r3, [r7, #15]
/home/kartik/workspaceSTM32/nb/Debug/../libs/StdPeriph/src/stm32f10x_gpio.c:298
}
 80006e4:	4618      	mov	r0, r3
 80006e6:	3714      	adds	r7, #20
 80006e8:	46bd      	mov	sp, r7
 80006ea:	f85d 7b04 	ldr.w	r7, [sp], #4
 80006ee:	4770      	bx	lr

080006f0 <GPIO_SetBits>:
GPIO_SetBits():
/home/kartik/workspaceSTM32/nb/Debug/../libs/StdPeriph/src/stm32f10x_gpio.c:359
  * @param  GPIO_Pin: specifies the port bits to be written.
  *   This parameter can be any combination of GPIO_Pin_x where x can be (0..15).
  * @retval None
  */
void GPIO_SetBits(GPIO_TypeDef* GPIOx, uint16_t GPIO_Pin)
{
 80006f0:	b480      	push	{r7}
 80006f2:	b083      	sub	sp, #12
 80006f4:	af00      	add	r7, sp, #0
 80006f6:	6078      	str	r0, [r7, #4]
 80006f8:	460b      	mov	r3, r1
 80006fa:	807b      	strh	r3, [r7, #2]
/home/kartik/workspaceSTM32/nb/Debug/../libs/StdPeriph/src/stm32f10x_gpio.c:364
  /* Check the parameters */
  assert_param(IS_GPIO_ALL_PERIPH(GPIOx));
  assert_param(IS_GPIO_PIN(GPIO_Pin));
  
  GPIOx->BSRR = GPIO_Pin;
 80006fc:	887a      	ldrh	r2, [r7, #2]
 80006fe:	687b      	ldr	r3, [r7, #4]
 8000700:	611a      	str	r2, [r3, #16]
/home/kartik/workspaceSTM32/nb/Debug/../libs/StdPeriph/src/stm32f10x_gpio.c:365
}
 8000702:	370c      	adds	r7, #12
 8000704:	46bd      	mov	sp, r7
 8000706:	f85d 7b04 	ldr.w	r7, [sp], #4
 800070a:	4770      	bx	lr

0800070c <GPIO_ResetBits>:
GPIO_ResetBits():
/home/kartik/workspaceSTM32/nb/Debug/../libs/StdPeriph/src/stm32f10x_gpio.c:375
  * @param  GPIO_Pin: specifies the port bits to be written.
  *   This parameter can be any combination of GPIO_Pin_x where x can be (0..15).
  * @retval None
  */
void GPIO_ResetBits(GPIO_TypeDef* GPIOx, uint16_t GPIO_Pin)
{
 800070c:	b480      	push	{r7}
 800070e:	b083      	sub	sp, #12
 8000710:	af00      	add	r7, sp, #0
 8000712:	6078      	str	r0, [r7, #4]
 8000714:	460b      	mov	r3, r1
 8000716:	807b      	strh	r3, [r7, #2]
/home/kartik/workspaceSTM32/nb/Debug/../libs/StdPeriph/src/stm32f10x_gpio.c:380
  /* Check the parameters */
  assert_param(IS_GPIO_ALL_PERIPH(GPIOx));
  assert_param(IS_GPIO_PIN(GPIO_Pin));
  
  GPIOx->BRR = GPIO_Pin;
 8000718:	887a      	ldrh	r2, [r7, #2]
 800071a:	687b      	ldr	r3, [r7, #4]
 800071c:	615a      	str	r2, [r3, #20]
/home/kartik/workspaceSTM32/nb/Debug/../libs/StdPeriph/src/stm32f10x_gpio.c:381
}
 800071e:	370c      	adds	r7, #12
 8000720:	46bd      	mov	sp, r7
 8000722:	f85d 7b04 	ldr.w	r7, [sp], #4
 8000726:	4770      	bx	lr

08000728 <GPIO_EXTILineConfig>:
GPIO_EXTILineConfig():
/home/kartik/workspaceSTM32/nb/Debug/../libs/StdPeriph/src/stm32f10x_gpio.c:610
  * @param  GPIO_PinSource: specifies the EXTI line to be configured.
  *   This parameter can be GPIO_PinSourcex where x can be (0..15).
  * @retval None
  */
void GPIO_EXTILineConfig(uint8_t GPIO_PortSource, uint8_t GPIO_PinSource)
{
 8000728:	b490      	push	{r4, r7}
 800072a:	b084      	sub	sp, #16
 800072c:	af00      	add	r7, sp, #0
 800072e:	4602      	mov	r2, r0
 8000730:	460b      	mov	r3, r1
 8000732:	71fa      	strb	r2, [r7, #7]
 8000734:	71bb      	strb	r3, [r7, #6]
/home/kartik/workspaceSTM32/nb/Debug/../libs/StdPeriph/src/stm32f10x_gpio.c:611
  uint32_t tmp = 0x00;
 8000736:	2300      	movs	r3, #0
 8000738:	60fb      	str	r3, [r7, #12]
/home/kartik/workspaceSTM32/nb/Debug/../libs/StdPeriph/src/stm32f10x_gpio.c:616
  /* Check the parameters */
  assert_param(IS_GPIO_EXTI_PORT_SOURCE(GPIO_PortSource));
  assert_param(IS_GPIO_PIN_SOURCE(GPIO_PinSource));
  
  tmp = ((uint32_t)0x0F) << (0x04 * (GPIO_PinSource & (uint8_t)0x03));
 800073a:	79bb      	ldrb	r3, [r7, #6]
 800073c:	f003 0303 	and.w	r3, r3, #3
 8000740:	009b      	lsls	r3, r3, #2
 8000742:	220f      	movs	r2, #15
 8000744:	fa02 f303 	lsl.w	r3, r2, r3
 8000748:	60fb      	str	r3, [r7, #12]
/home/kartik/workspaceSTM32/nb/Debug/../libs/StdPeriph/src/stm32f10x_gpio.c:617
  AFIO->EXTICR[GPIO_PinSource >> 0x02] &= ~tmp;
 800074a:	4b15      	ldr	r3, [pc, #84]	; (80007a0 <GPIO_EXTILineConfig+0x78>)
 800074c:	79ba      	ldrb	r2, [r7, #6]
 800074e:	0892      	lsrs	r2, r2, #2
 8000750:	b2d2      	uxtb	r2, r2
 8000752:	4913      	ldr	r1, [pc, #76]	; (80007a0 <GPIO_EXTILineConfig+0x78>)
 8000754:	79b8      	ldrb	r0, [r7, #6]
 8000756:	0880      	lsrs	r0, r0, #2
 8000758:	b2c0      	uxtb	r0, r0
 800075a:	3002      	adds	r0, #2
 800075c:	f851 0020 	ldr.w	r0, [r1, r0, lsl #2]
 8000760:	68f9      	ldr	r1, [r7, #12]
 8000762:	43c9      	mvns	r1, r1
 8000764:	4001      	ands	r1, r0
 8000766:	3202      	adds	r2, #2
 8000768:	f843 1022 	str.w	r1, [r3, r2, lsl #2]
/home/kartik/workspaceSTM32/nb/Debug/../libs/StdPeriph/src/stm32f10x_gpio.c:618
  AFIO->EXTICR[GPIO_PinSource >> 0x02] |= (((uint32_t)GPIO_PortSource) << (0x04 * (GPIO_PinSource & (uint8_t)0x03)));
 800076c:	4b0c      	ldr	r3, [pc, #48]	; (80007a0 <GPIO_EXTILineConfig+0x78>)
 800076e:	79ba      	ldrb	r2, [r7, #6]
 8000770:	0892      	lsrs	r2, r2, #2
 8000772:	b2d2      	uxtb	r2, r2
 8000774:	490a      	ldr	r1, [pc, #40]	; (80007a0 <GPIO_EXTILineConfig+0x78>)
 8000776:	79b8      	ldrb	r0, [r7, #6]
 8000778:	0880      	lsrs	r0, r0, #2
 800077a:	b2c0      	uxtb	r0, r0
 800077c:	3002      	adds	r0, #2
 800077e:	f851 0020 	ldr.w	r0, [r1, r0, lsl #2]
 8000782:	79fc      	ldrb	r4, [r7, #7]
 8000784:	79b9      	ldrb	r1, [r7, #6]
 8000786:	f001 0103 	and.w	r1, r1, #3
 800078a:	0089      	lsls	r1, r1, #2
 800078c:	fa04 f101 	lsl.w	r1, r4, r1
 8000790:	4301      	orrs	r1, r0
 8000792:	3202      	adds	r2, #2
 8000794:	f843 1022 	str.w	r1, [r3, r2, lsl #2]
/home/kartik/workspaceSTM32/nb/Debug/../libs/StdPeriph/src/stm32f10x_gpio.c:619
}
 8000798:	3710      	adds	r7, #16
 800079a:	46bd      	mov	sp, r7
 800079c:	bc90      	pop	{r4, r7}
 800079e:	4770      	bx	lr
 80007a0:	40010000 	.word	0x40010000

080007a4 <RCC_APB2PeriphClockCmd>:
RCC_APB2PeriphClockCmd():
/home/kartik/workspaceSTM32/nb/Debug/../libs/StdPeriph/src/stm32f10x_rcc.c:1096
  * @param  NewState: new state of the specified peripheral clock.
  *   This parameter can be: ENABLE or DISABLE.
  * @retval None
  */
void RCC_APB2PeriphClockCmd(uint32_t RCC_APB2Periph, FunctionalState NewState)
{
 80007a4:	b480      	push	{r7}
 80007a6:	b083      	sub	sp, #12
 80007a8:	af00      	add	r7, sp, #0
 80007aa:	6078      	str	r0, [r7, #4]
 80007ac:	460b      	mov	r3, r1
 80007ae:	70fb      	strb	r3, [r7, #3]
/home/kartik/workspaceSTM32/nb/Debug/../libs/StdPeriph/src/stm32f10x_rcc.c:1100
  /* Check the parameters */
  assert_param(IS_RCC_APB2_PERIPH(RCC_APB2Periph));
  assert_param(IS_FUNCTIONAL_STATE(NewState));
  if (NewState != DISABLE)
 80007b0:	78fb      	ldrb	r3, [r7, #3]
 80007b2:	2b00      	cmp	r3, #0
 80007b4:	d006      	beq.n	80007c4 <RCC_APB2PeriphClockCmd+0x20>
/home/kartik/workspaceSTM32/nb/Debug/../libs/StdPeriph/src/stm32f10x_rcc.c:1102
  {
    RCC->APB2ENR |= RCC_APB2Periph;
 80007b6:	4b09      	ldr	r3, [pc, #36]	; (80007dc <RCC_APB2PeriphClockCmd+0x38>)
 80007b8:	4a08      	ldr	r2, [pc, #32]	; (80007dc <RCC_APB2PeriphClockCmd+0x38>)
 80007ba:	6991      	ldr	r1, [r2, #24]
 80007bc:	687a      	ldr	r2, [r7, #4]
 80007be:	430a      	orrs	r2, r1
 80007c0:	619a      	str	r2, [r3, #24]
 80007c2:	e006      	b.n	80007d2 <RCC_APB2PeriphClockCmd+0x2e>
/home/kartik/workspaceSTM32/nb/Debug/../libs/StdPeriph/src/stm32f10x_rcc.c:1106
  }
  else
  {
    RCC->APB2ENR &= ~RCC_APB2Periph;
 80007c4:	4b05      	ldr	r3, [pc, #20]	; (80007dc <RCC_APB2PeriphClockCmd+0x38>)
 80007c6:	4a05      	ldr	r2, [pc, #20]	; (80007dc <RCC_APB2PeriphClockCmd+0x38>)
 80007c8:	6991      	ldr	r1, [r2, #24]
 80007ca:	687a      	ldr	r2, [r7, #4]
 80007cc:	43d2      	mvns	r2, r2
 80007ce:	400a      	ands	r2, r1
 80007d0:	619a      	str	r2, [r3, #24]
/home/kartik/workspaceSTM32/nb/Debug/../libs/StdPeriph/src/stm32f10x_rcc.c:1108
  }
}
 80007d2:	370c      	adds	r7, #12
 80007d4:	46bd      	mov	sp, r7
 80007d6:	f85d 7b04 	ldr.w	r7, [sp], #4
 80007da:	4770      	bx	lr
 80007dc:	40021000 	.word	0x40021000

080007e0 <__libc_init_array>:
__libc_init_array():
/home/kartik/workspaceSTM32/nb/Debug/../libs/CMSIS/src/startup_cm.c:179
(*__fini_array_end[])(void) __attribute__((weak));

// Iterate over all the preinit/init routines.
inline void
__libc_init_array(void)
{
 80007e0:	b580      	push	{r7, lr}
 80007e2:	b082      	sub	sp, #8
 80007e4:	af00      	add	r7, sp, #0
/home/kartik/workspaceSTM32/nb/Debug/../libs/CMSIS/src/startup_cm.c:183
  size_t count;
  size_t i;

  count = __preinit_array_end - __preinit_array_start;
 80007e6:	4a15      	ldr	r2, [pc, #84]	; (800083c <__libc_init_array+0x5c>)
 80007e8:	4b15      	ldr	r3, [pc, #84]	; (8000840 <__libc_init_array+0x60>)
 80007ea:	1ad3      	subs	r3, r2, r3
 80007ec:	109b      	asrs	r3, r3, #2
 80007ee:	603b      	str	r3, [r7, #0]
/home/kartik/workspaceSTM32/nb/Debug/../libs/CMSIS/src/startup_cm.c:184
  for (i = 0; i < count; i++)
 80007f0:	2300      	movs	r3, #0
 80007f2:	607b      	str	r3, [r7, #4]
 80007f4:	e007      	b.n	8000806 <__libc_init_array+0x26>
/home/kartik/workspaceSTM32/nb/Debug/../libs/CMSIS/src/startup_cm.c:185 (discriminator 2)
    __preinit_array_start[i]();
 80007f6:	4b12      	ldr	r3, [pc, #72]	; (8000840 <__libc_init_array+0x60>)
 80007f8:	687a      	ldr	r2, [r7, #4]
 80007fa:	f853 3022 	ldr.w	r3, [r3, r2, lsl #2]
 80007fe:	4798      	blx	r3
/home/kartik/workspaceSTM32/nb/Debug/../libs/CMSIS/src/startup_cm.c:184 (discriminator 2)
{
  size_t count;
  size_t i;

  count = __preinit_array_end - __preinit_array_start;
  for (i = 0; i < count; i++)
 8000800:	687b      	ldr	r3, [r7, #4]
 8000802:	3301      	adds	r3, #1
 8000804:	607b      	str	r3, [r7, #4]
/home/kartik/workspaceSTM32/nb/Debug/../libs/CMSIS/src/startup_cm.c:184 (discriminator 1)
 8000806:	687a      	ldr	r2, [r7, #4]
 8000808:	683b      	ldr	r3, [r7, #0]
 800080a:	429a      	cmp	r2, r3
 800080c:	d3f3      	bcc.n	80007f6 <__libc_init_array+0x16>
/home/kartik/workspaceSTM32/nb/Debug/../libs/CMSIS/src/startup_cm.c:192
  // If you need to run the code in the .init section, please use
  // the startup files, since this requires the code in crti.o and crtn.o
  // to add the function prologue/epilogue.
  //_init();

  count = __init_array_end - __init_array_start;
 800080e:	4a0d      	ldr	r2, [pc, #52]	; (8000844 <__libc_init_array+0x64>)
 8000810:	4b0d      	ldr	r3, [pc, #52]	; (8000848 <__libc_init_array+0x68>)
 8000812:	1ad3      	subs	r3, r2, r3
 8000814:	109b      	asrs	r3, r3, #2
 8000816:	603b      	str	r3, [r7, #0]
/home/kartik/workspaceSTM32/nb/Debug/../libs/CMSIS/src/startup_cm.c:193
  for (i = 0; i < count; i++)
 8000818:	2300      	movs	r3, #0
 800081a:	607b      	str	r3, [r7, #4]
 800081c:	e007      	b.n	800082e <__libc_init_array+0x4e>
/home/kartik/workspaceSTM32/nb/Debug/../libs/CMSIS/src/startup_cm.c:194 (discriminator 2)
    __init_array_start[i]();
 800081e:	4b0a      	ldr	r3, [pc, #40]	; (8000848 <__libc_init_array+0x68>)
 8000820:	687a      	ldr	r2, [r7, #4]
 8000822:	f853 3022 	ldr.w	r3, [r3, r2, lsl #2]
 8000826:	4798      	blx	r3
/home/kartik/workspaceSTM32/nb/Debug/../libs/CMSIS/src/startup_cm.c:193 (discriminator 2)
  // the startup files, since this requires the code in crti.o and crtn.o
  // to add the function prologue/epilogue.
  //_init();

  count = __init_array_end - __init_array_start;
  for (i = 0; i < count; i++)
 8000828:	687b      	ldr	r3, [r7, #4]
 800082a:	3301      	adds	r3, #1
 800082c:	607b      	str	r3, [r7, #4]
/home/kartik/workspaceSTM32/nb/Debug/../libs/CMSIS/src/startup_cm.c:193 (discriminator 1)
 800082e:	687a      	ldr	r2, [r7, #4]
 8000830:	683b      	ldr	r3, [r7, #0]
 8000832:	429a      	cmp	r2, r3
 8000834:	d3f3      	bcc.n	800081e <__libc_init_array+0x3e>
/home/kartik/workspaceSTM32/nb/Debug/../libs/CMSIS/src/startup_cm.c:195
    __init_array_start[i]();
}
 8000836:	3708      	adds	r7, #8
 8000838:	46bd      	mov	sp, r7
 800083a:	bd80      	pop	{r7, pc}
 800083c:	080001ec 	.word	0x080001ec
 8000840:	080001e8 	.word	0x080001e8
 8000844:	080001ec 	.word	0x080001ec
 8000848:	080001ec 	.word	0x080001ec

0800084c <__libc_fini_array>:
__libc_fini_array():
/home/kartik/workspaceSTM32/nb/Debug/../libs/CMSIS/src/startup_cm.c:200

// Run all the cleanup routines.
inline void
__libc_fini_array(void)
{
 800084c:	b580      	push	{r7, lr}
 800084e:	b082      	sub	sp, #8
 8000850:	af00      	add	r7, sp, #0
/home/kartik/workspaceSTM32/nb/Debug/../libs/CMSIS/src/startup_cm.c:204
  size_t count;
  size_t i;

  count = __fini_array_end - __fini_array_start;
 8000852:	4a0b      	ldr	r2, [pc, #44]	; (8000880 <__libc_fini_array+0x34>)
 8000854:	4b0b      	ldr	r3, [pc, #44]	; (8000884 <__libc_fini_array+0x38>)
 8000856:	1ad3      	subs	r3, r2, r3
 8000858:	109b      	asrs	r3, r3, #2
 800085a:	603b      	str	r3, [r7, #0]
/home/kartik/workspaceSTM32/nb/Debug/../libs/CMSIS/src/startup_cm.c:205
  for (i = count; i > 0; i--)
 800085c:	683b      	ldr	r3, [r7, #0]
 800085e:	607b      	str	r3, [r7, #4]
 8000860:	e008      	b.n	8000874 <__libc_fini_array+0x28>
/home/kartik/workspaceSTM32/nb/Debug/../libs/CMSIS/src/startup_cm.c:206 (discriminator 2)
    __fini_array_start[i - 1]();
 8000862:	687b      	ldr	r3, [r7, #4]
 8000864:	1e5a      	subs	r2, r3, #1
 8000866:	4b07      	ldr	r3, [pc, #28]	; (8000884 <__libc_fini_array+0x38>)
 8000868:	f853 3022 	ldr.w	r3, [r3, r2, lsl #2]
 800086c:	4798      	blx	r3
/home/kartik/workspaceSTM32/nb/Debug/../libs/CMSIS/src/startup_cm.c:205 (discriminator 2)
{
  size_t count;
  size_t i;

  count = __fini_array_end - __fini_array_start;
  for (i = count; i > 0; i--)
 800086e:	687b      	ldr	r3, [r7, #4]
 8000870:	3b01      	subs	r3, #1
 8000872:	607b      	str	r3, [r7, #4]
/home/kartik/workspaceSTM32/nb/Debug/../libs/CMSIS/src/startup_cm.c:205 (discriminator 1)
 8000874:	687b      	ldr	r3, [r7, #4]
 8000876:	2b00      	cmp	r3, #0
 8000878:	d1f3      	bne.n	8000862 <__libc_fini_array+0x16>
/home/kartik/workspaceSTM32/nb/Debug/../libs/CMSIS/src/startup_cm.c:212

  // If you need to run the code in the .fini section, please use
  // the startup files, since this requires the code in crti.o and crtn.o
  // to add the function prologue/epilogue.
  //_fini();
}
 800087a:	3708      	adds	r7, #8
 800087c:	46bd      	mov	sp, r7
 800087e:	bd80      	pop	{r7, pc}
 8000880:	080001ec 	.word	0x080001ec
 8000884:	080001ec 	.word	0x080001ec

08000888 <_exit>:
_exit():
/home/kartik/workspaceSTM32/nb/Debug/../libs/CMSIS/src/startup_stm32f10x.c:15
// You can redefine it in the application, if more functionality
// is required
void
__attribute__((weak))
_exit(int r)
{
 8000888:	b480      	push	{r7}
 800088a:	b083      	sub	sp, #12
 800088c:	af00      	add	r7, sp, #0
 800088e:	6078      	str	r0, [r7, #4]
/home/kartik/workspaceSTM32/nb/Debug/../libs/CMSIS/src/startup_stm32f10x.c:18 (discriminator 1)
#if defined(DEBUG)
  while(1)
  ;
 8000890:	e7fe      	b.n	8000890 <_exit+0x8>
 8000892:	bf00      	nop

08000894 <SystemInit>:
SystemInit():
/home/kartik/workspaceSTM32/nb/Debug/../libs/CMSIS/src/system_stm32f10x.c:213
  * @note   This function should be used only after reset.
  * @param  None
  * @retval None
  */
void SystemInit (void)
{
 8000894:	b580      	push	{r7, lr}
 8000896:	af00      	add	r7, sp, #0
/home/kartik/workspaceSTM32/nb/Debug/../libs/CMSIS/src/system_stm32f10x.c:216
  /* Reset the RCC clock configuration to the default reset state(for debug purpose) */
  /* Set HSION bit */
  RCC->CR |= (uint32_t)0x00000001;
 8000898:	4b15      	ldr	r3, [pc, #84]	; (80008f0 <SystemInit+0x5c>)
 800089a:	4a15      	ldr	r2, [pc, #84]	; (80008f0 <SystemInit+0x5c>)
 800089c:	6812      	ldr	r2, [r2, #0]
 800089e:	f042 0201 	orr.w	r2, r2, #1
 80008a2:	601a      	str	r2, [r3, #0]
/home/kartik/workspaceSTM32/nb/Debug/../libs/CMSIS/src/system_stm32f10x.c:220

  /* Reset SW, HPRE, PPRE1, PPRE2, ADCPRE and MCO bits */
#ifndef STM32F10X_CL
  RCC->CFGR &= (uint32_t)0xF8FF0000;
 80008a4:	4a12      	ldr	r2, [pc, #72]	; (80008f0 <SystemInit+0x5c>)
 80008a6:	4b12      	ldr	r3, [pc, #72]	; (80008f0 <SystemInit+0x5c>)
 80008a8:	6859      	ldr	r1, [r3, #4]
 80008aa:	4b12      	ldr	r3, [pc, #72]	; (80008f4 <SystemInit+0x60>)
 80008ac:	400b      	ands	r3, r1
 80008ae:	6053      	str	r3, [r2, #4]
/home/kartik/workspaceSTM32/nb/Debug/../libs/CMSIS/src/system_stm32f10x.c:226
#else
  RCC->CFGR &= (uint32_t)0xF0FF0000;
#endif /* STM32F10X_CL */   
  
  /* Reset HSEON, CSSON and PLLON bits */
  RCC->CR &= (uint32_t)0xFEF6FFFF;
 80008b0:	4a0f      	ldr	r2, [pc, #60]	; (80008f0 <SystemInit+0x5c>)
 80008b2:	4b0f      	ldr	r3, [pc, #60]	; (80008f0 <SystemInit+0x5c>)
 80008b4:	681b      	ldr	r3, [r3, #0]
 80008b6:	f023 7384 	bic.w	r3, r3, #17301504	; 0x1080000
 80008ba:	f423 3380 	bic.w	r3, r3, #65536	; 0x10000
 80008be:	6013      	str	r3, [r2, #0]
/home/kartik/workspaceSTM32/nb/Debug/../libs/CMSIS/src/system_stm32f10x.c:229

  /* Reset HSEBYP bit */
  RCC->CR &= (uint32_t)0xFFFBFFFF;
 80008c0:	4b0b      	ldr	r3, [pc, #44]	; (80008f0 <SystemInit+0x5c>)
 80008c2:	4a0b      	ldr	r2, [pc, #44]	; (80008f0 <SystemInit+0x5c>)
 80008c4:	6812      	ldr	r2, [r2, #0]
 80008c6:	f422 2280 	bic.w	r2, r2, #262144	; 0x40000
 80008ca:	601a      	str	r2, [r3, #0]
/home/kartik/workspaceSTM32/nb/Debug/../libs/CMSIS/src/system_stm32f10x.c:232

  /* Reset PLLSRC, PLLXTPRE, PLLMUL and USBPRE/OTGFSPRE bits */
  RCC->CFGR &= (uint32_t)0xFF80FFFF;
 80008cc:	4b08      	ldr	r3, [pc, #32]	; (80008f0 <SystemInit+0x5c>)
 80008ce:	4a08      	ldr	r2, [pc, #32]	; (80008f0 <SystemInit+0x5c>)
 80008d0:	6852      	ldr	r2, [r2, #4]
 80008d2:	f422 02fe 	bic.w	r2, r2, #8323072	; 0x7f0000
 80008d6:	605a      	str	r2, [r3, #4]
/home/kartik/workspaceSTM32/nb/Debug/../libs/CMSIS/src/system_stm32f10x.c:251

  /* Reset CFGR2 register */
  RCC->CFGR2 = 0x00000000;      
#else
  /* Disable all interrupts and clear pending bits  */
  RCC->CIR = 0x009F0000;
 80008d8:	4b05      	ldr	r3, [pc, #20]	; (80008f0 <SystemInit+0x5c>)
 80008da:	f44f 021f 	mov.w	r2, #10420224	; 0x9f0000
 80008de:	609a      	str	r2, [r3, #8]
/home/kartik/workspaceSTM32/nb/Debug/../libs/CMSIS/src/system_stm32f10x.c:262
  #endif /* DATA_IN_ExtSRAM */
#endif 

  /* Configure the System clock frequency, HCLK, PCLK2 and PCLK1 prescalers */
  /* Configure the Flash Latency cycles and enable prefetch buffer */
  SetSysClock();
 80008e0:	f000 f80c 	bl	80008fc <SetSysClock>
/home/kartik/workspaceSTM32/nb/Debug/../libs/CMSIS/src/system_stm32f10x.c:267

#ifdef VECT_TAB_SRAM
  SCB->VTOR = SRAM_BASE | VECT_TAB_OFFSET; /* Vector Table Relocation in Internal SRAM. */
#else
  SCB->VTOR = FLASH_BASE | VECT_TAB_OFFSET; /* Vector Table Relocation in Internal FLASH. */
 80008e4:	4b04      	ldr	r3, [pc, #16]	; (80008f8 <SystemInit+0x64>)
 80008e6:	f04f 6200 	mov.w	r2, #134217728	; 0x8000000
 80008ea:	609a      	str	r2, [r3, #8]
/home/kartik/workspaceSTM32/nb/Debug/../libs/CMSIS/src/system_stm32f10x.c:269
#endif 
}
 80008ec:	bd80      	pop	{r7, pc}
 80008ee:	bf00      	nop
 80008f0:	40021000 	.word	0x40021000
 80008f4:	f8ff0000 	.word	0xf8ff0000
 80008f8:	e000ed00 	.word	0xe000ed00

080008fc <SetSysClock>:
SetSysClock():
/home/kartik/workspaceSTM32/nb/Debug/../libs/CMSIS/src/system_stm32f10x.c:420
  * @brief  Configures the System clock frequency, HCLK, PCLK2 and PCLK1 prescalers.
  * @param  None
  * @retval None
  */
static void SetSysClock(void)
{
 80008fc:	b580      	push	{r7, lr}
 80008fe:	af00      	add	r7, sp, #0
/home/kartik/workspaceSTM32/nb/Debug/../libs/CMSIS/src/system_stm32f10x.c:432
#elif defined SYSCLK_FREQ_48MHz
  SetSysClockTo48();
#elif defined SYSCLK_FREQ_56MHz
  SetSysClockTo56();  
#elif defined SYSCLK_FREQ_72MHz
  SetSysClockTo72();
 8000900:	f000 f802 	bl	8000908 <SetSysClockTo72>
/home/kartik/workspaceSTM32/nb/Debug/../libs/CMSIS/src/system_stm32f10x.c:437
#endif
 
 /* If none of the define above is enabled, the HSI is used as System clock
    source (default after reset) */ 
}
 8000904:	bd80      	pop	{r7, pc}
 8000906:	bf00      	nop

08000908 <SetSysClockTo72>:
SetSysClockTo72():
/home/kartik/workspaceSTM32/nb/Debug/../libs/CMSIS/src/system_stm32f10x.c:988
  * @note   This function should be used only after reset.
  * @param  None
  * @retval None
  */
static void SetSysClockTo72(void)
{
 8000908:	b480      	push	{r7}
 800090a:	b083      	sub	sp, #12
 800090c:	af00      	add	r7, sp, #0
/home/kartik/workspaceSTM32/nb/Debug/../libs/CMSIS/src/system_stm32f10x.c:989
  __IO uint32_t StartUpCounter = 0, HSEStatus = 0;
 800090e:	2300      	movs	r3, #0
 8000910:	607b      	str	r3, [r7, #4]
 8000912:	2300      	movs	r3, #0
 8000914:	603b      	str	r3, [r7, #0]
/home/kartik/workspaceSTM32/nb/Debug/../libs/CMSIS/src/system_stm32f10x.c:993
  
  /* SYSCLK, HCLK, PCLK2 and PCLK1 configuration ---------------------------*/    
  /* Enable HSE */    
  RCC->CR |= ((uint32_t)RCC_CR_HSEON);
 8000916:	4b3a      	ldr	r3, [pc, #232]	; (8000a00 <SetSysClockTo72+0xf8>)
 8000918:	4a39      	ldr	r2, [pc, #228]	; (8000a00 <SetSysClockTo72+0xf8>)
 800091a:	6812      	ldr	r2, [r2, #0]
 800091c:	f442 3280 	orr.w	r2, r2, #65536	; 0x10000
 8000920:	601a      	str	r2, [r3, #0]
/home/kartik/workspaceSTM32/nb/Debug/../libs/CMSIS/src/system_stm32f10x.c:998 (discriminator 1)
 
  /* Wait till HSE is ready and if Time out is reached exit */
  do
  {
    HSEStatus = RCC->CR & RCC_CR_HSERDY;
 8000922:	4b37      	ldr	r3, [pc, #220]	; (8000a00 <SetSysClockTo72+0xf8>)
 8000924:	681b      	ldr	r3, [r3, #0]
 8000926:	f403 3300 	and.w	r3, r3, #131072	; 0x20000
 800092a:	603b      	str	r3, [r7, #0]
/home/kartik/workspaceSTM32/nb/Debug/../libs/CMSIS/src/system_stm32f10x.c:999 (discriminator 1)
    StartUpCounter++;  
 800092c:	687b      	ldr	r3, [r7, #4]
 800092e:	3301      	adds	r3, #1
 8000930:	607b      	str	r3, [r7, #4]
/home/kartik/workspaceSTM32/nb/Debug/../libs/CMSIS/src/system_stm32f10x.c:1000 (discriminator 1)
  } while((HSEStatus == 0) && (StartUpCounter != HSE_STARTUP_TIMEOUT));
 8000932:	683b      	ldr	r3, [r7, #0]
 8000934:	2b00      	cmp	r3, #0
 8000936:	d103      	bne.n	8000940 <SetSysClockTo72+0x38>
 8000938:	687b      	ldr	r3, [r7, #4]
 800093a:	f5b3 6fa0 	cmp.w	r3, #1280	; 0x500
 800093e:	d1f0      	bne.n	8000922 <SetSysClockTo72+0x1a>
/home/kartik/workspaceSTM32/nb/Debug/../libs/CMSIS/src/system_stm32f10x.c:1002

  if ((RCC->CR & RCC_CR_HSERDY) != RESET)
 8000940:	4b2f      	ldr	r3, [pc, #188]	; (8000a00 <SetSysClockTo72+0xf8>)
 8000942:	681b      	ldr	r3, [r3, #0]
 8000944:	f403 3300 	and.w	r3, r3, #131072	; 0x20000
 8000948:	2b00      	cmp	r3, #0
 800094a:	d002      	beq.n	8000952 <SetSysClockTo72+0x4a>
/home/kartik/workspaceSTM32/nb/Debug/../libs/CMSIS/src/system_stm32f10x.c:1004
  {
    HSEStatus = (uint32_t)0x01;
 800094c:	2301      	movs	r3, #1
 800094e:	603b      	str	r3, [r7, #0]
 8000950:	e001      	b.n	8000956 <SetSysClockTo72+0x4e>
/home/kartik/workspaceSTM32/nb/Debug/../libs/CMSIS/src/system_stm32f10x.c:1008
  }
  else
  {
    HSEStatus = (uint32_t)0x00;
 8000952:	2300      	movs	r3, #0
 8000954:	603b      	str	r3, [r7, #0]
/home/kartik/workspaceSTM32/nb/Debug/../libs/CMSIS/src/system_stm32f10x.c:1011
  }  

  if (HSEStatus == (uint32_t)0x01)
 8000956:	683b      	ldr	r3, [r7, #0]
 8000958:	2b01      	cmp	r3, #1
 800095a:	d14b      	bne.n	80009f4 <SetSysClockTo72+0xec>
/home/kartik/workspaceSTM32/nb/Debug/../libs/CMSIS/src/system_stm32f10x.c:1014
  {
    /* Enable Prefetch Buffer */
    FLASH->ACR |= FLASH_ACR_PRFTBE;
 800095c:	4b29      	ldr	r3, [pc, #164]	; (8000a04 <SetSysClockTo72+0xfc>)
 800095e:	4a29      	ldr	r2, [pc, #164]	; (8000a04 <SetSysClockTo72+0xfc>)
 8000960:	6812      	ldr	r2, [r2, #0]
 8000962:	f042 0210 	orr.w	r2, r2, #16
 8000966:	601a      	str	r2, [r3, #0]
/home/kartik/workspaceSTM32/nb/Debug/../libs/CMSIS/src/system_stm32f10x.c:1017

    /* Flash 2 wait state */
    FLASH->ACR &= (uint32_t)((uint32_t)~FLASH_ACR_LATENCY);
 8000968:	4b26      	ldr	r3, [pc, #152]	; (8000a04 <SetSysClockTo72+0xfc>)
 800096a:	4a26      	ldr	r2, [pc, #152]	; (8000a04 <SetSysClockTo72+0xfc>)
 800096c:	6812      	ldr	r2, [r2, #0]
 800096e:	f022 0203 	bic.w	r2, r2, #3
 8000972:	601a      	str	r2, [r3, #0]
/home/kartik/workspaceSTM32/nb/Debug/../libs/CMSIS/src/system_stm32f10x.c:1018
    FLASH->ACR |= (uint32_t)FLASH_ACR_LATENCY_2;    
 8000974:	4b23      	ldr	r3, [pc, #140]	; (8000a04 <SetSysClockTo72+0xfc>)
 8000976:	4a23      	ldr	r2, [pc, #140]	; (8000a04 <SetSysClockTo72+0xfc>)
 8000978:	6812      	ldr	r2, [r2, #0]
 800097a:	f042 0202 	orr.w	r2, r2, #2
 800097e:	601a      	str	r2, [r3, #0]
/home/kartik/workspaceSTM32/nb/Debug/../libs/CMSIS/src/system_stm32f10x.c:1022

 
    /* HCLK = SYSCLK */
    RCC->CFGR |= (uint32_t)RCC_CFGR_HPRE_DIV1;
 8000980:	4b1f      	ldr	r3, [pc, #124]	; (8000a00 <SetSysClockTo72+0xf8>)
 8000982:	4a1f      	ldr	r2, [pc, #124]	; (8000a00 <SetSysClockTo72+0xf8>)
 8000984:	6852      	ldr	r2, [r2, #4]
 8000986:	605a      	str	r2, [r3, #4]
/home/kartik/workspaceSTM32/nb/Debug/../libs/CMSIS/src/system_stm32f10x.c:1025
      
    /* PCLK2 = HCLK */
    RCC->CFGR |= (uint32_t)RCC_CFGR_PPRE2_DIV1;
 8000988:	4b1d      	ldr	r3, [pc, #116]	; (8000a00 <SetSysClockTo72+0xf8>)
 800098a:	4a1d      	ldr	r2, [pc, #116]	; (8000a00 <SetSysClockTo72+0xf8>)
 800098c:	6852      	ldr	r2, [r2, #4]
 800098e:	605a      	str	r2, [r3, #4]
/home/kartik/workspaceSTM32/nb/Debug/../libs/CMSIS/src/system_stm32f10x.c:1028
    
    /* PCLK1 = HCLK */
    RCC->CFGR |= (uint32_t)RCC_CFGR_PPRE1_DIV2;
 8000990:	4b1b      	ldr	r3, [pc, #108]	; (8000a00 <SetSysClockTo72+0xf8>)
 8000992:	4a1b      	ldr	r2, [pc, #108]	; (8000a00 <SetSysClockTo72+0xf8>)
 8000994:	6852      	ldr	r2, [r2, #4]
 8000996:	f442 6280 	orr.w	r2, r2, #1024	; 0x400
 800099a:	605a      	str	r2, [r3, #4]
/home/kartik/workspaceSTM32/nb/Debug/../libs/CMSIS/src/system_stm32f10x.c:1054
    RCC->CFGR &= (uint32_t)~(RCC_CFGR_PLLXTPRE | RCC_CFGR_PLLSRC | RCC_CFGR_PLLMULL);
    RCC->CFGR |= (uint32_t)(RCC_CFGR_PLLXTPRE_PREDIV1 | RCC_CFGR_PLLSRC_PREDIV1 | 
                            RCC_CFGR_PLLMULL9); 
#else    
    /*  PLL configuration: PLLCLK = HSE * 9 = 72 MHz */
    RCC->CFGR &= (uint32_t)((uint32_t)~(RCC_CFGR_PLLSRC | RCC_CFGR_PLLXTPRE |
 800099c:	4b18      	ldr	r3, [pc, #96]	; (8000a00 <SetSysClockTo72+0xf8>)
 800099e:	4a18      	ldr	r2, [pc, #96]	; (8000a00 <SetSysClockTo72+0xf8>)
 80009a0:	6852      	ldr	r2, [r2, #4]
 80009a2:	f422 127c 	bic.w	r2, r2, #4128768	; 0x3f0000
 80009a6:	605a      	str	r2, [r3, #4]
/home/kartik/workspaceSTM32/nb/Debug/../libs/CMSIS/src/system_stm32f10x.c:1056
                                        RCC_CFGR_PLLMULL));
    RCC->CFGR |= (uint32_t)(RCC_CFGR_PLLSRC_HSE | RCC_CFGR_PLLMULL9);
 80009a8:	4b15      	ldr	r3, [pc, #84]	; (8000a00 <SetSysClockTo72+0xf8>)
 80009aa:	4a15      	ldr	r2, [pc, #84]	; (8000a00 <SetSysClockTo72+0xf8>)
 80009ac:	6852      	ldr	r2, [r2, #4]
 80009ae:	f442 12e8 	orr.w	r2, r2, #1900544	; 0x1d0000
 80009b2:	605a      	str	r2, [r3, #4]
/home/kartik/workspaceSTM32/nb/Debug/../libs/CMSIS/src/system_stm32f10x.c:1060
#endif /* STM32F10X_CL */

    /* Enable PLL */
    RCC->CR |= RCC_CR_PLLON;
 80009b4:	4b12      	ldr	r3, [pc, #72]	; (8000a00 <SetSysClockTo72+0xf8>)
 80009b6:	4a12      	ldr	r2, [pc, #72]	; (8000a00 <SetSysClockTo72+0xf8>)
 80009b8:	6812      	ldr	r2, [r2, #0]
 80009ba:	f042 7280 	orr.w	r2, r2, #16777216	; 0x1000000
 80009be:	601a      	str	r2, [r3, #0]
/home/kartik/workspaceSTM32/nb/Debug/../libs/CMSIS/src/system_stm32f10x.c:1063

    /* Wait till PLL is ready */
    while((RCC->CR & RCC_CR_PLLRDY) == 0)
 80009c0:	bf00      	nop
/home/kartik/workspaceSTM32/nb/Debug/../libs/CMSIS/src/system_stm32f10x.c:1063 (discriminator 1)
 80009c2:	4b0f      	ldr	r3, [pc, #60]	; (8000a00 <SetSysClockTo72+0xf8>)
 80009c4:	681b      	ldr	r3, [r3, #0]
 80009c6:	f003 7300 	and.w	r3, r3, #33554432	; 0x2000000
 80009ca:	2b00      	cmp	r3, #0
 80009cc:	d0f9      	beq.n	80009c2 <SetSysClockTo72+0xba>
/home/kartik/workspaceSTM32/nb/Debug/../libs/CMSIS/src/system_stm32f10x.c:1068
    {
    }
    
    /* Select PLL as system clock source */
    RCC->CFGR &= (uint32_t)((uint32_t)~(RCC_CFGR_SW));
 80009ce:	4b0c      	ldr	r3, [pc, #48]	; (8000a00 <SetSysClockTo72+0xf8>)
 80009d0:	4a0b      	ldr	r2, [pc, #44]	; (8000a00 <SetSysClockTo72+0xf8>)
 80009d2:	6852      	ldr	r2, [r2, #4]
 80009d4:	f022 0203 	bic.w	r2, r2, #3
 80009d8:	605a      	str	r2, [r3, #4]
/home/kartik/workspaceSTM32/nb/Debug/../libs/CMSIS/src/system_stm32f10x.c:1069
    RCC->CFGR |= (uint32_t)RCC_CFGR_SW_PLL;    
 80009da:	4b09      	ldr	r3, [pc, #36]	; (8000a00 <SetSysClockTo72+0xf8>)
 80009dc:	4a08      	ldr	r2, [pc, #32]	; (8000a00 <SetSysClockTo72+0xf8>)
 80009de:	6852      	ldr	r2, [r2, #4]
 80009e0:	f042 0202 	orr.w	r2, r2, #2
 80009e4:	605a      	str	r2, [r3, #4]
/home/kartik/workspaceSTM32/nb/Debug/../libs/CMSIS/src/system_stm32f10x.c:1072

    /* Wait till PLL is used as system clock source */
    while ((RCC->CFGR & (uint32_t)RCC_CFGR_SWS) != (uint32_t)0x08)
 80009e6:	bf00      	nop
/home/kartik/workspaceSTM32/nb/Debug/../libs/CMSIS/src/system_stm32f10x.c:1072 (discriminator 1)
 80009e8:	4b05      	ldr	r3, [pc, #20]	; (8000a00 <SetSysClockTo72+0xf8>)
 80009ea:	685b      	ldr	r3, [r3, #4]
 80009ec:	f003 030c 	and.w	r3, r3, #12
 80009f0:	2b08      	cmp	r3, #8
 80009f2:	d1f9      	bne.n	80009e8 <SetSysClockTo72+0xe0>
/home/kartik/workspaceSTM32/nb/Debug/../libs/CMSIS/src/system_stm32f10x.c:1080
  }
  else
  { /* If HSE fails to start-up, the application will have wrong clock 
         configuration. User can add here some code to deal with this error */
  }
}
 80009f4:	370c      	adds	r7, #12
 80009f6:	46bd      	mov	sp, r7
 80009f8:	f85d 7b04 	ldr.w	r7, [sp], #4
 80009fc:	4770      	bx	lr
 80009fe:	bf00      	nop
 8000a00:	40021000 	.word	0x40021000
 8000a04:	40022000 	.word	0x40022000

08000a08 <states.6410>:
$d():
 8000a08:	0001ff00 ff000001 010000ff 00ff0100     ................
